{"meta": {"format": 3, "version": "7.13.5", "timestamp": "2026-05-05T03:52:13.008322", "branch_coverage": false, "show_contexts": false}, "files": {"core\\__init__.py": {"executed_lines": [], "summary": {"covered_lines": 0, "num_statements": 0, "percent_covered": 100.0, "percent_covered_display": "100", "missing_lines": 0, "excluded_lines": 0, "percent_statements_covered": 100.0, "percent_statements_covered_display": "100"}, "missing_lines": [], "excluded_lines": [], "functions": {"": {"executed_lines": [], "summary": {"covered_lines": 0, "num_statements": 0, "percent_covered": 100.0, "percent_covered_display": "100", "missing_lines": 0, "excluded_lines": 0, "percent_statements_covered": 100.0, "percent_statements_covered_display": "100"}, "missing_lines": [], "excluded_lines": [], "start_line": 1}}, "classes": {"": {"executed_lines": [], "summary": {"covered_lines": 0, "num_statements": 0, "percent_covered": 100.0, "percent_covered_display": "100", "missing_lines": 0, "excluded_lines": 0, "percent_statements_covered": 100.0, "percent_statements_covered_display": "100"}, "missing_lines": [], "excluded_lines": [], "start_line": 1}}}, "core\\logic.py": {"executed_lines": [1, 2, 3, 4, 5, 7, 8, 9, 10, 12, 15, 16, 37, 42, 53, 54, 55, 56, 57, 58, 59, 60, 61, 62, 63, 64, 66, 67, 68, 69, 70, 71, 72, 75, 76, 77, 78, 79, 82, 83, 84, 85, 86, 87, 90, 98, 99, 103, 108, 109, 111, 112, 115, 123, 125, 128, 129, 132, 133, 135, 138, 139, 140, 142, 147, 148, 149, 150, 152, 155, 157, 158, 160, 163, 164, 165, 166, 168, 171, 173, 174, 176, 179, 180, 181, 182, 183, 184, 187, 188, 189, 190, 191, 194, 195, 198, 201, 204, 207, 208, 211, 212, 213, 215, 287, 289, 290, 292, 293, 299, 300, 301, 302, 303, 305, 306, 309, 311, 312, 313, 314, 315, 316, 317, 318, 320, 321, 322, 323, 330, 331, 334, 335, 336, 337, 338, 339, 340, 341, 344, 345, 346, 347, 348, 349, 350, 351, 354, 355, 356, 357, 358, 359, 360, 361, 362, 364, 365, 367, 368, 369, 370, 373, 374, 375, 376, 381, 382, 383, 385, 386, 387, 388, 389, 390, 391, 394, 395, 396, 397, 398, 399, 400, 401, 402, 403, 404, 405, 408, 409, 410, 412, 413, 414, 415, 416, 421, 422, 425, 426, 427, 428, 431, 432, 435, 436, 437, 438, 441, 442, 447, 448, 449, 450, 452, 453, 454, 455, 456, 459, 460, 461, 463, 468, 469, 472, 473, 474, 475, 476, 477, 478, 481, 482, 483, 484, 485, 486, 489, 490, 494, 495, 500, 501, 502, 503, 504, 505, 508, 509, 510, 511, 512, 513, 516, 517, 518, 519, 521, 523, 524, 526, 527, 528, 529, 530, 533, 534, 535, 537, 539, 548, 549, 551, 553, 554, 555, 556, 557, 558, 560, 561, 562, 563, 564, 571, 572, 574, 575, 576, 578, 579, 580, 581, 582, 583, 584, 586, 587, 588, 595, 596, 599, 601, 621, 636, 637, 639, 641, 655, 657, 658, 659, 661, 663, 673, 674, 676, 677, 678, 679, 680, 681, 684, 685, 688, 689, 692, 693, 704, 715, 716, 726, 745, 746, 747, 748, 750, 751, 753, 767, 773, 776, 777, 778, 784, 785, 786, 795, 821, 822, 824, 826, 827, 830, 831, 833, 840, 841, 843, 845, 846, 848, 850, 851, 852, 854, 855, 857, 864, 865, 867, 868, 870, 871, 872, 873, 874, 877, 878, 879, 882, 885, 898, 909, 910, 911, 999, 1000, 1001, 1021, 1024, 1025, 1026, 1028, 1029, 1032, 1033, 1036, 1037, 1040, 1041, 1044, 1045, 1049, 1052, 1053, 1054, 1056, 1057, 1060, 1061, 1064, 1065, 1068, 1069, 1072, 1073, 1077, 1080, 1081, 1082, 1084, 1085, 1086, 1088, 1089, 1090, 1092, 1093, 1094, 1096, 1097, 1098, 1100, 1101, 1102, 1104, 1105, 1106, 1113, 1118, 1119, 1121, 1123, 1125, 1127, 1129, 1132, 1134, 1135, 1144, 1146, 1147, 1156, 1158, 1159, 1164, 1166, 1167, 1188, 1190, 1191, 1196, 1198, 1199, 1204, 1206, 1207, 1212, 1214, 1215, 1216, 1217, 1219, 1220, 1221, 1224, 1226, 1227, 1230, 1231, 1232, 1235, 1236, 1237, 1239, 1273, 1275, 1276, 1277, 1282, 1284, 1285, 1286, 1287, 1292, 1294, 1295, 1296, 1301, 1303, 1305, 1306, 1307, 1312, 1314, 1316, 1317, 1318, 1319, 1324, 1326, 1328, 1329, 1330, 1335, 1337, 1338, 1339, 1344, 1346, 1347, 1348, 1353, 1355, 1357, 1358, 1359, 1364, 1366, 1367], "summary": {"covered_lines": 532, "num_statements": 596, "percent_covered": 89.26174496644295, "percent_covered_display": "89", "missing_lines": 64, "excluded_lines": 0, "percent_statements_covered": 89.26174496644295, "percent_statements_covered_display": "89"}, "missing_lines": [28, 30, 295, 296, 307, 712, 723, 780, 781, 792, 793, 880, 1030, 1034, 1038, 1042, 1046, 1058, 1062, 1066, 1070, 1074, 1136, 1137, 1148, 1149, 1160, 1161, 1168, 1169, 1170, 1192, 1193, 1200, 1201, 1208, 1209, 1254, 1255, 1256, 1278, 1279, 1288, 1289, 1297, 1298, 1304, 1308, 1309, 1315, 1320, 1321, 1327, 1331, 1332, 1340, 1341, 1349, 1350, 1356, 1360, 1361, 1368, 1369], "excluded_lines": [], "functions": {"SaaSModelConfig.__init__": {"executed_lines": [53, 54, 55, 56, 57, 58, 59, 60, 61, 62, 63, 64, 66, 67, 68, 69, 70, 71, 72, 75, 76, 77, 78, 79, 82, 83, 84, 85, 86, 87, 90], "summary": {"covered_lines": 31, "num_statements": 31, "percent_covered": 100.0, "percent_covered_display": "100", "missing_lines": 0, "excluded_lines": 0, "percent_statements_covered": 100.0, "percent_statements_covered_display": "100"}, "missing_lines": [], "excluded_lines": [], "start_line": 42}, "SaaSModelConfig.__repr__": {"executed_lines": [99], "summary": {"covered_lines": 1, "num_statements": 1, "percent_covered": 100.0, "percent_covered_display": "100", "missing_lines": 0, "excluded_lines": 0, "percent_statements_covered": 100.0, "percent_statements_covered_display": "100"}, "missing_lines": [], "excluded_lines": [], "start_line": 98}, "run_simulation": {"executed_lines": [108, 109, 111, 112, 115, 123, 125, 128, 129, 132, 133, 135, 138, 139, 140, 142, 147, 148, 149, 150, 152, 155, 157, 158, 160, 163, 164, 165, 166, 168, 171, 173, 174, 176, 179, 180, 181, 182, 183, 184, 187, 188, 189, 190, 191, 194, 195, 198, 201, 204, 207, 208, 211, 212, 213, 215, 287, 289, 290, 292, 293], "summary": {"covered_lines": 61, "num_statements": 63, "percent_covered": 96.82539682539682, "percent_covered_display": "97", "missing_lines": 2, "excluded_lines": 0, "percent_statements_covered": 96.82539682539682, "percent_statements_covered_display": "97"}, "missing_lines": [295, 296], "excluded_lines": [], "start_line": 103}, "print_summary": {"executed_lines": [300, 301, 302, 303, 305, 306, 309, 311, 312, 313, 314, 315, 316, 317, 318, 320, 321, 322, 323], "summary": {"covered_lines": 19, "num_statements": 20, "percent_covered": 95.0, "percent_covered_display": "95", "missing_lines": 1, "excluded_lines": 0, "percent_statements_covered": 95.0, "percent_statements_covered_display": "95"}, "missing_lines": [307], "excluded_lines": [], "start_line": 299}, "visualize_results": {"executed_lines": [331, 334, 335, 336, 337, 338, 339, 340, 341, 344, 345, 346, 347, 348, 349, 350, 351, 354, 355, 356, 357, 358, 359, 360, 361, 362, 364, 365, 367, 368, 369, 370], "summary": {"covered_lines": 32, "num_statements": 32, "percent_covered": 100.0, "percent_covered_display": "100", "missing_lines": 0, "excluded_lines": 0, "percent_statements_covered": 100.0, "percent_statements_covered_display": "100"}, "missing_lines": [], "excluded_lines": [], "start_line": 330}, "visualize_dashboard_1": {"executed_lines": [374, 375, 376, 381, 382, 383, 385, 386, 387, 388, 389, 390, 391, 394, 395, 396, 397, 398, 399, 400, 401, 402, 403, 404, 405, 408, 409, 410, 412, 413, 414, 415, 416, 421, 422, 425, 426, 427, 428, 431, 432, 435, 436, 437, 438, 441, 442, 447, 448, 449, 450, 452, 453, 454, 455, 456], "summary": {"covered_lines": 56, "num_statements": 56, "percent_covered": 100.0, "percent_covered_display": "100", "missing_lines": 0, "excluded_lines": 0, "percent_statements_covered": 100.0, "percent_statements_covered_display": "100"}, "missing_lines": [], "excluded_lines": [], "start_line": 373}, "visualize_dashboard_2": {"executed_lines": [460, 461, 463, 468, 469, 472, 473, 474, 475, 476, 477, 478, 481, 482, 483, 484, 485, 486, 489, 490, 494, 495, 500, 501, 502, 503, 504, 505, 508, 509, 510, 511, 512, 513, 516, 517, 518, 519, 521, 523, 524, 526, 527, 528, 529, 530], "summary": {"covered_lines": 46, "num_statements": 46, "percent_covered": 100.0, "percent_covered_display": "100", "missing_lines": 0, "excluded_lines": 0, "percent_statements_covered": 100.0, "percent_statements_covered_display": "100"}, "missing_lines": [], "excluded_lines": [], "start_line": 459}, "visualize_comparison": {"executed_lines": [534, 535, 537, 539, 548, 549, 551, 553, 554, 555, 556, 557, 558, 560, 561, 562, 563, 564], "summary": {"covered_lines": 18, "num_statements": 18, "percent_covered": 100.0, "percent_covered_display": "100", "missing_lines": 0, "excluded_lines": 0, "percent_statements_covered": 100.0, "percent_statements_covered_display": "100"}, "missing_lines": [], "excluded_lines": [], "start_line": 533}, "get_metrics": {"executed_lines": [574, 575, 576, 578, 579, 580, 581, 582, 583, 584, 586, 587, 588, 595, 596, 599, 601, 621], "summary": {"covered_lines": 18, "num_statements": 18, "percent_covered": 100.0, "percent_covered_display": "100", "missing_lines": 0, "excluded_lines": 0, "percent_statements_covered": 100.0, "percent_statements_covered_display": "100"}, "missing_lines": [], "excluded_lines": [], "start_line": 572}, "get_psd_analytics": {"executed_lines": [639, 641, 655, 657, 658, 659, 661, 663], "summary": {"covered_lines": 8, "num_statements": 8, "percent_covered": 100.0, "percent_covered_display": "100", "missing_lines": 0, "excluded_lines": 0, "percent_statements_covered": 100.0, "percent_statements_covered_display": "100"}, "missing_lines": [], "excluded_lines": [], "start_line": 637}, "get_network_summary": {"executed_lines": [676, 677, 678, 679, 680, 681, 684, 685, 688, 689, 692, 693, 704, 715, 716, 726, 745, 746, 747, 748, 750, 751, 753, 767, 773, 776, 777, 778, 784, 785, 786, 795], "summary": {"covered_lines": 32, "num_statements": 38, "percent_covered": 84.21052631578948, "percent_covered_display": "84", "missing_lines": 6, "excluded_lines": 0, "percent_statements_covered": 84.21052631578948, "percent_statements_covered_display": "84"}, "missing_lines": [712, 723, 780, 781, 792, 793], "excluded_lines": [], "start_line": 674}, "get_maintenance_forecast": {"executed_lines": [824, 826, 827, 830, 831, 833], "summary": {"covered_lines": 6, "num_statements": 6, "percent_covered": 100.0, "percent_covered_display": "100", "missing_lines": 0, "excluded_lines": 0, "percent_statements_covered": 100.0, "percent_statements_covered_display": "100"}, "missing_lines": [], "excluded_lines": [], "start_line": 822}, "get_passenger_heatmap": {"executed_lines": [843, 845, 846, 848, 850, 851, 852, 854, 855, 857], "summary": {"covered_lines": 10, "num_statements": 10, "percent_covered": 100.0, "percent_covered_display": "100", "missing_lines": 0, "excluded_lines": 0, "percent_statements_covered": 100.0, "percent_statements_covered_display": "100"}, "missing_lines": [], "excluded_lines": [], "start_line": 841}, "get_incident_log": {"executed_lines": [867, 868, 870, 871, 872, 873, 874, 877, 878, 879, 882, 885, 898], "summary": {"covered_lines": 13, "num_statements": 14, "percent_covered": 92.85714285714286, "percent_covered_display": "93", "missing_lines": 1, "excluded_lines": 0, "percent_statements_covered": 92.85714285714286, "percent_statements_covered_display": "93"}, "missing_lines": [880], "excluded_lines": [], "start_line": 865}, "get_leadership_data": {"executed_lines": [911], "summary": {"covered_lines": 1, "num_statements": 1, "percent_covered": 100.0, "percent_covered_display": "100", "missing_lines": 0, "excluded_lines": 0, "percent_statements_covered": 100.0, "percent_statements_covered_display": "100"}, "missing_lines": [], "excluded_lines": [], "start_line": 910}, "get_tech_stack": {"executed_lines": [1001], "summary": {"covered_lines": 1, "num_statements": 1, "percent_covered": 100.0, "percent_covered_display": "100", "missing_lines": 0, "excluded_lines": 0, "percent_statements_covered": 100.0, "percent_statements_covered_display": "100"}, "missing_lines": [], "excluded_lines": [], "start_line": 1000}, "StationAnalytics.get_metrics": {"executed_lines": [1026], "summary": {"covered_lines": 1, "num_statements": 1, "percent_covered": 100.0, "percent_covered_display": "100", "missing_lines": 0, "excluded_lines": 0, "percent_statements_covered": 100.0, "percent_statements_covered_display": "100"}, "missing_lines": [], "excluded_lines": [], "start_line": 1025}, "StationAnalytics.get_psd_analytics": {"executed_lines": [], "summary": {"covered_lines": 0, "num_statements": 1, "percent_covered": 0.0, "percent_covered_display": "0", "missing_lines": 1, "excluded_lines": 0, "percent_statements_covered": 0.0, "percent_statements_covered_display": "0"}, "missing_lines": [1030], "excluded_lines": [], "start_line": 1029}, "StationAnalytics.get_network_summary": {"executed_lines": [], "summary": {"covered_lines": 0, "num_statements": 1, "percent_covered": 0.0, "percent_covered_display": "0", "missing_lines": 1, "excluded_lines": 0, "percent_statements_covered": 0.0, "percent_statements_covered_display": "0"}, "missing_lines": [1034], "excluded_lines": [], "start_line": 1033}, "StationAnalytics.get_maintenance_forecast": {"executed_lines": [], "summary": {"covered_lines": 0, "num_statements": 1, "percent_covered": 0.0, "percent_covered_display": "0", "missing_lines": 1, "excluded_lines": 0, "percent_statements_covered": 0.0, "percent_statements_covered_display": "0"}, "missing_lines": [1038], "excluded_lines": [], "start_line": 1037}, "StationAnalytics.get_passenger_heatmap": {"executed_lines": [], "summary": {"covered_lines": 0, "num_statements": 1, "percent_covered": 0.0, "percent_covered_display": "0", "missing_lines": 1, "excluded_lines": 0, "percent_statements_covered": 0.0, "percent_statements_covered_display": "0"}, "missing_lines": [1042], "excluded_lines": [], "start_line": 1041}, "StationAnalytics.get_incident_log": {"executed_lines": [], "summary": {"covered_lines": 0, "num_statements": 1, "percent_covered": 0.0, "percent_covered_display": "0", "missing_lines": 1, "excluded_lines": 0, "percent_statements_covered": 0.0, "percent_statements_covered_display": "0"}, "missing_lines": [1046], "excluded_lines": [], "start_line": 1045}, "FinancialModel.run_simulation": {"executed_lines": [1054], "summary": {"covered_lines": 1, "num_statements": 1, "percent_covered": 100.0, "percent_covered_display": "100", "missing_lines": 0, "excluded_lines": 0, "percent_statements_covered": 100.0, "percent_statements_covered_display": "100"}, "missing_lines": [], "excluded_lines": [], "start_line": 1053}, "FinancialModel.print_summary": {"executed_lines": [], "summary": {"covered_lines": 0, "num_statements": 1, "percent_covered": 0.0, "percent_covered_display": "0", "missing_lines": 1, "excluded_lines": 0, "percent_statements_covered": 0.0, "percent_statements_covered_display": "0"}, "missing_lines": [1058], "excluded_lines": [], "start_line": 1057}, "FinancialModel.visualize_results": {"executed_lines": [], "summary": {"covered_lines": 0, "num_statements": 1, "percent_covered": 0.0, "percent_covered_display": "0", "missing_lines": 1, "excluded_lines": 0, "percent_statements_covered": 0.0, "percent_statements_covered_display": "0"}, "missing_lines": [1062], "excluded_lines": [], "start_line": 1061}, "FinancialModel.visualize_dashboard_1": {"executed_lines": [], "summary": {"covered_lines": 0, "num_statements": 1, "percent_covered": 0.0, "percent_covered_display": "0", "missing_lines": 1, "excluded_lines": 0, "percent_statements_covered": 0.0, "percent_statements_covered_display": "0"}, "missing_lines": [1066], "excluded_lines": [], "start_line": 1065}, "FinancialModel.visualize_dashboard_2": {"executed_lines": [], "summary": {"covered_lines": 0, "num_statements": 1, "percent_covered": 0.0, "percent_covered_display": "0", "missing_lines": 1, "excluded_lines": 0, "percent_statements_covered": 0.0, "percent_statements_covered_display": "0"}, "missing_lines": [1070], "excluded_lines": [], "start_line": 1069}, "FinancialModel.visualize_comparison": {"executed_lines": [], "summary": {"covered_lines": 0, "num_statements": 1, "percent_covered": 0.0, "percent_covered_display": "0", "missing_lines": 1, "excluded_lines": 0, "percent_statements_covered": 0.0, "percent_statements_covered_display": "0"}, "missing_lines": [1074], "excluded_lines": [], "start_line": 1073}, "CustomerSegmenter.get_customer_data": {"executed_lines": [1082], "summary": {"covered_lines": 1, "num_statements": 1, "percent_covered": 100.0, "percent_covered_display": "100", "missing_lines": 0, "excluded_lines": 0, "percent_statements_covered": 100.0, "percent_statements_covered_display": "100"}, "missing_lines": [], "excluded_lines": [], "start_line": 1081}, "CustomerSegmenter.get_rfm_analysis": {"executed_lines": [1086], "summary": {"covered_lines": 1, "num_statements": 1, "percent_covered": 100.0, "percent_covered_display": "100", "missing_lines": 0, "excluded_lines": 0, "percent_statements_covered": 100.0, "percent_statements_covered_display": "100"}, "missing_lines": [], "excluded_lines": [], "start_line": 1085}, "CustomerSegmenter.get_high_value_customers": {"executed_lines": [1090], "summary": {"covered_lines": 1, "num_statements": 1, "percent_covered": 100.0, "percent_covered_display": "100", "missing_lines": 0, "excluded_lines": 0, "percent_statements_covered": 100.0, "percent_statements_covered_display": "100"}, "missing_lines": [], "excluded_lines": [], "start_line": 1089}, "CustomerSegmenter.get_customer_business_insights": {"executed_lines": [1094], "summary": {"covered_lines": 1, "num_statements": 1, "percent_covered": 100.0, "percent_covered_display": "100", "missing_lines": 0, "excluded_lines": 0, "percent_statements_covered": 100.0, "percent_statements_covered_display": "100"}, "missing_lines": [], "excluded_lines": [], "start_line": 1093}, "CustomerSegmenter.get_contract_health_score": {"executed_lines": [1098], "summary": {"covered_lines": 1, "num_statements": 1, "percent_covered": 100.0, "percent_covered_display": "100", "missing_lines": 0, "excluded_lines": 0, "percent_statements_covered": 100.0, "percent_statements_covered_display": "100"}, "missing_lines": [], "excluded_lines": [], "start_line": 1097}, "CustomerSegmenter.get_renewal_forecast": {"executed_lines": [1102], "summary": {"covered_lines": 1, "num_statements": 1, "percent_covered": 100.0, "percent_covered_display": "100", "missing_lines": 0, "excluded_lines": 0, "percent_statements_covered": 100.0, "percent_statements_covered_display": "100"}, "missing_lines": [], "excluded_lines": [], "start_line": 1101}, "CustomerSegmenter.get_at_risk_accounts": {"executed_lines": [1106], "summary": {"covered_lines": 1, "num_statements": 1, "percent_covered": 100.0, "percent_covered_display": "100", "missing_lines": 0, "excluded_lines": 0, "percent_statements_covered": 100.0, "percent_statements_covered_display": "100"}, "missing_lines": [], "excluded_lines": [], "start_line": 1105}, "get_financial_model_data": {"executed_lines": [1118, 1119, 1121, 1123, 1125, 1127, 1129], "summary": {"covered_lines": 7, "num_statements": 7, "percent_covered": 100.0, "percent_covered_display": "100", "missing_lines": 0, "excluded_lines": 0, "percent_statements_covered": 100.0, "percent_statements_covered_display": "100"}, "missing_lines": [], "excluded_lines": [], "start_line": 1113}, "get_customer_data": {"executed_lines": [1134, 1135], "summary": {"covered_lines": 2, "num_statements": 4, "percent_covered": 50.0, "percent_covered_display": "50", "missing_lines": 2, "excluded_lines": 0, "percent_statements_covered": 50.0, "percent_statements_covered_display": "50"}, "missing_lines": [1136, 1137], "excluded_lines": [], "start_line": 1132}, "get_rfm_analysis": {"executed_lines": [1146, 1147], "summary": {"covered_lines": 2, "num_statements": 4, "percent_covered": 50.0, "percent_covered_display": "50", "missing_lines": 2, "excluded_lines": 0, "percent_statements_covered": 50.0, "percent_statements_covered_display": "50"}, "missing_lines": [1148, 1149], "excluded_lines": [], "start_line": 1144}, "get_high_value_customers": {"executed_lines": [1158, 1159], "summary": {"covered_lines": 2, "num_statements": 4, "percent_covered": 50.0, "percent_covered_display": "50", "missing_lines": 2, "excluded_lines": 0, "percent_statements_covered": 50.0, "percent_statements_covered_display": "50"}, "missing_lines": [1160, 1161], "excluded_lines": [], "start_line": 1156}, "get_customer_business_insights": {"executed_lines": [1166, 1167], "summary": {"covered_lines": 2, "num_statements": 5, "percent_covered": 40.0, "percent_covered_display": "40", "missing_lines": 3, "excluded_lines": 0, "percent_statements_covered": 40.0, "percent_statements_covered_display": "40"}, "missing_lines": [1168, 1169, 1170], "excluded_lines": [], "start_line": 1164}, "get_contract_health_score": {"executed_lines": [1190, 1191], "summary": {"covered_lines": 2, "num_statements": 4, "percent_covered": 50.0, "percent_covered_display": "50", "missing_lines": 2, "excluded_lines": 0, "percent_statements_covered": 50.0, "percent_statements_covered_display": "50"}, "missing_lines": [1192, 1193], "excluded_lines": [], "start_line": 1188}, "get_renewal_forecast": {"executed_lines": [1198, 1199], "summary": {"covered_lines": 2, "num_statements": 4, "percent_covered": 50.0, "percent_covered_display": "50", "missing_lines": 2, "excluded_lines": 0, "percent_statements_covered": 50.0, "percent_statements_covered_display": "50"}, "missing_lines": [1200, 1201], "excluded_lines": [], "start_line": 1196}, "get_at_risk_accounts": {"executed_lines": [1206, 1207], "summary": {"covered_lines": 2, "num_statements": 4, "percent_covered": 50.0, "percent_covered_display": "50", "missing_lines": 2, "excluded_lines": 0, "percent_statements_covered": 50.0, "percent_statements_covered_display": "50"}, "missing_lines": [1208, 1209], "excluded_lines": [], "start_line": 1204}, "get_renewal_health_summary": {"executed_lines": [1214, 1215, 1216, 1217, 1219, 1220, 1221, 1224, 1226, 1227, 1230, 1231, 1232, 1235, 1236, 1237, 1239], "summary": {"covered_lines": 17, "num_statements": 20, "percent_covered": 85.0, "percent_covered_display": "85", "missing_lines": 3, "excluded_lines": 0, "percent_statements_covered": 85.0, "percent_statements_covered_display": "85"}, "missing_lines": [1254, 1255, 1256], "excluded_lines": [], "start_line": 1212}, "get_operator_history": {"executed_lines": [1275, 1276, 1277], "summary": {"covered_lines": 3, "num_statements": 5, "percent_covered": 60.0, "percent_covered_display": "60", "missing_lines": 2, "excluded_lines": 0, "percent_statements_covered": 60.0, "percent_statements_covered_display": "60"}, "missing_lines": [1278, 1279], "excluded_lines": [], "start_line": 1273}, "get_contract_amendments": {"executed_lines": [1284, 1285, 1286, 1287], "summary": {"covered_lines": 4, "num_statements": 6, "percent_covered": 66.66666666666667, "percent_covered_display": "67", "missing_lines": 2, "excluded_lines": 0, "percent_statements_covered": 66.66666666666667, "percent_statements_covered_display": "67"}, "missing_lines": [1288, 1289], "excluded_lines": [], "start_line": 1282}, "get_support_tickets": {"executed_lines": [1294, 1295, 1296], "summary": {"covered_lines": 3, "num_statements": 5, "percent_covered": 60.0, "percent_covered_display": "60", "missing_lines": 2, "excluded_lines": 0, "percent_statements_covered": 60.0, "percent_statements_covered_display": "60"}, "missing_lines": [1297, 1298], "excluded_lines": [], "start_line": 1292}, "get_engagement_timeline": {"executed_lines": [1303, 1305, 1306, 1307], "summary": {"covered_lines": 4, "num_statements": 7, "percent_covered": 57.142857142857146, "percent_covered_display": "57", "missing_lines": 3, "excluded_lines": 0, "percent_statements_covered": 57.142857142857146, "percent_statements_covered_display": "57"}, "missing_lines": [1304, 1308, 1309], "excluded_lines": [], "start_line": 1301}, "get_operator_health_trend": {"executed_lines": [1314, 1316, 1317, 1318, 1319], "summary": {"covered_lines": 5, "num_statements": 8, "percent_covered": 62.5, "percent_covered_display": "62", "missing_lines": 3, "excluded_lines": 0, "percent_statements_covered": 62.5, "percent_statements_covered_display": "62"}, "missing_lines": [1315, 1320, 1321], "excluded_lines": [], "start_line": 1312}, "get_support_ticket_trend": {"executed_lines": [1326, 1328, 1329, 1330], "summary": {"covered_lines": 4, "num_statements": 7, "percent_covered": 57.142857142857146, "percent_covered_display": "57", "missing_lines": 3, "excluded_lines": 0, "percent_statements_covered": 57.142857142857146, "percent_statements_covered_display": "57"}, "missing_lines": [1327, 1331, 1332], "excluded_lines": [], "start_line": 1324}, "get_financial_projections": {"executed_lines": [1337, 1338, 1339], "summary": {"covered_lines": 3, "num_statements": 5, "percent_covered": 60.0, "percent_covered_display": "60", "missing_lines": 2, "excluded_lines": 0, "percent_statements_covered": 60.0, "percent_statements_covered_display": "60"}, "missing_lines": [1340, 1341], "excluded_lines": [], "start_line": 1335}, "get_operator_comparison_benchmarks": {"executed_lines": [1346, 1347, 1348], "summary": {"covered_lines": 3, "num_statements": 5, "percent_covered": 60.0, "percent_covered_display": "60", "missing_lines": 2, "excluded_lines": 0, "percent_statements_covered": 60.0, "percent_statements_covered_display": "60"}, "missing_lines": [1349, 1350], "excluded_lines": [], "start_line": 1344}, "get_operator_monthly_stats": {"executed_lines": [1355, 1357, 1358, 1359], "summary": {"covered_lines": 4, "num_statements": 7, "percent_covered": 57.142857142857146, "percent_covered_display": "57", "missing_lines": 3, "excluded_lines": 0, "percent_statements_covered": 57.142857142857146, "percent_statements_covered_display": "57"}, "missing_lines": [1356, 1360, 1361], "excluded_lines": [], "start_line": 1353}, "get_business_map_data": {"executed_lines": [1366, 1367], "summary": {"covered_lines": 2, "num_statements": 4, "percent_covered": 50.0, "percent_covered_display": "50", "missing_lines": 2, "excluded_lines": 0, "percent_statements_covered": 50.0, "percent_statements_covered_display": "50"}, "missing_lines": [1368, 1369], "excluded_lines": [], "start_line": 1364}, "": {"executed_lines": [1, 2, 3, 4, 5, 7, 8, 9, 10, 12, 15, 16, 37, 42, 98, 103, 299, 330, 373, 459, 533, 571, 572, 636, 637, 673, 674, 821, 822, 840, 841, 864, 865, 909, 910, 999, 1000, 1021, 1024, 1025, 1028, 1029, 1032, 1033, 1036, 1037, 1040, 1041, 1044, 1045, 1049, 1052, 1053, 1056, 1057, 1060, 1061, 1064, 1065, 1068, 1069, 1072, 1073, 1077, 1080, 1081, 1084, 1085, 1088, 1089, 1092, 1093, 1096, 1097, 1100, 1101, 1104, 1105, 1113, 1132, 1144, 1156, 1164, 1188, 1196, 1204, 1212, 1273, 1282, 1292, 1301, 1312, 1324, 1335, 1344, 1353, 1364], "summary": {"covered_lines": 97, "num_statements": 99, "percent_covered": 97.97979797979798, "percent_covered_display": "98", "missing_lines": 2, "excluded_lines": 0, "percent_statements_covered": 97.97979797979798, "percent_statements_covered_display": "98"}, "missing_lines": [28, 30], "excluded_lines": [], "start_line": 1}}, "classes": {"SaaSModelConfig": {"executed_lines": [53, 54, 55, 56, 57, 58, 59, 60, 61, 62, 63, 64, 66, 67, 68, 69, 70, 71, 72, 75, 76, 77, 78, 79, 82, 83, 84, 85, 86, 87, 90, 99], "summary": {"covered_lines": 32, "num_statements": 32, "percent_covered": 100.0, "percent_covered_display": "100", "missing_lines": 0, "excluded_lines": 0, "percent_statements_covered": 100.0, "percent_statements_covered_display": "100"}, "missing_lines": [], "excluded_lines": [], "start_line": 37}, "StationAnalytics": {"executed_lines": [1026], "summary": {"covered_lines": 1, "num_statements": 6, "percent_covered": 16.666666666666668, "percent_covered_display": "17", "missing_lines": 5, "excluded_lines": 0, "percent_statements_covered": 16.666666666666668, "percent_statements_covered_display": "17"}, "missing_lines": [1030, 1034, 1038, 1042, 1046], "excluded_lines": [], "start_line": 1021}, "FinancialModel": {"executed_lines": [1054], "summary": {"covered_lines": 1, "num_statements": 6, "percent_covered": 16.666666666666668, "percent_covered_display": "17", "missing_lines": 5, "excluded_lines": 0, "percent_statements_covered": 16.666666666666668, "percent_statements_covered_display": "17"}, "missing_lines": [1058, 1062, 1066, 1070, 1074], "excluded_lines": [], "start_line": 1049}, "CustomerSegmenter": {"executed_lines": [1082, 1086, 1090, 1094, 1098, 1102, 1106], "summary": {"covered_lines": 7, "num_statements": 7, "percent_covered": 100.0, "percent_covered_display": "100", "missing_lines": 0, "excluded_lines": 0, "percent_statements_covered": 100.0, "percent_statements_covered_display": "100"}, "missing_lines": [], "excluded_lines": [], "start_line": 1077}, "": {"executed_lines": [1, 2, 3, 4, 5, 7, 8, 9, 10, 12, 15, 16, 37, 42, 98, 103, 108, 109, 111, 112, 115, 123, 125, 128, 129, 132, 133, 135, 138, 139, 140, 142, 147, 148, 149, 150, 152, 155, 157, 158, 160, 163, 164, 165, 166, 168, 171, 173, 174, 176, 179, 180, 181, 182, 183, 184, 187, 188, 189, 190, 191, 194, 195, 198, 201, 204, 207, 208, 211, 212, 213, 215, 287, 289, 290, 292, 293, 299, 300, 301, 302, 303, 305, 306, 309, 311, 312, 313, 314, 315, 316, 317, 318, 320, 321, 322, 323, 330, 331, 334, 335, 336, 337, 338, 339, 340, 341, 344, 345, 346, 347, 348, 349, 350, 351, 354, 355, 356, 357, 358, 359, 360, 361, 362, 364, 365, 367, 368, 369, 370, 373, 374, 375, 376, 381, 382, 383, 385, 386, 387, 388, 389, 390, 391, 394, 395, 396, 397, 398, 399, 400, 401, 402, 403, 404, 405, 408, 409, 410, 412, 413, 414, 415, 416, 421, 422, 425, 426, 427, 428, 431, 432, 435, 436, 437, 438, 441, 442, 447, 448, 449, 450, 452, 453, 454, 455, 456, 459, 460, 461, 463, 468, 469, 472, 473, 474, 475, 476, 477, 478, 481, 482, 483, 484, 485, 486, 489, 490, 494, 495, 500, 501, 502, 503, 504, 505, 508, 509, 510, 511, 512, 513, 516, 517, 518, 519, 521, 523, 524, 526, 527, 528, 529, 530, 533, 534, 535, 537, 539, 548, 549, 551, 553, 554, 555, 556, 557, 558, 560, 561, 562, 563, 564, 571, 572, 574, 575, 576, 578, 579, 580, 581, 582, 583, 584, 586, 587, 588, 595, 596, 599, 601, 621, 636, 637, 639, 641, 655, 657, 658, 659, 661, 663, 673, 674, 676, 677, 678, 679, 680, 681, 684, 685, 688, 689, 692, 693, 704, 715, 716, 726, 745, 746, 747, 748, 750, 751, 753, 767, 773, 776, 777, 778, 784, 785, 786, 795, 821, 822, 824, 826, 827, 830, 831, 833, 840, 841, 843, 845, 846, 848, 850, 851, 852, 854, 855, 857, 864, 865, 867, 868, 870, 871, 872, 873, 874, 877, 878, 879, 882, 885, 898, 909, 910, 911, 999, 1000, 1001, 1021, 1024, 1025, 1028, 1029, 1032, 1033, 1036, 1037, 1040, 1041, 1044, 1045, 1049, 1052, 1053, 1056, 1057, 1060, 1061, 1064, 1065, 1068, 1069, 1072, 1073, 1077, 1080, 1081, 1084, 1085, 1088, 1089, 1092, 1093, 1096, 1097, 1100, 1101, 1104, 1105, 1113, 1118, 1119, 1121, 1123, 1125, 1127, 1129, 1132, 1134, 1135, 1144, 1146, 1147, 1156, 1158, 1159, 1164, 1166, 1167, 1188, 1190, 1191, 1196, 1198, 1199, 1204, 1206, 1207, 1212, 1214, 1215, 1216, 1217, 1219, 1220, 1221, 1224, 1226, 1227, 1230, 1231, 1232, 1235, 1236, 1237, 1239, 1273, 1275, 1276, 1277, 1282, 1284, 1285, 1286, 1287, 1292, 1294, 1295, 1296, 1301, 1303, 1305, 1306, 1307, 1312, 1314, 1316, 1317, 1318, 1319, 1324, 1326, 1328, 1329, 1330, 1335, 1337, 1338, 1339, 1344, 1346, 1347, 1348, 1353, 1355, 1357, 1358, 1359, 1364, 1366, 1367], "summary": {"covered_lines": 491, "num_statements": 545, "percent_covered": 90.09174311926606, "percent_covered_display": "90", "missing_lines": 54, "excluded_lines": 0, "percent_statements_covered": 90.09174311926606, "percent_statements_covered_display": "90"}, "missing_lines": [28, 30, 295, 296, 307, 712, 723, 780, 781, 792, 793, 880, 1136, 1137, 1148, 1149, 1160, 1161, 1168, 1169, 1170, 1192, 1193, 1200, 1201, 1208, 1209, 1254, 1255, 1256, 1278, 1279, 1288, 1289, 1297, 1298, 1304, 1308, 1309, 1315, 1320, 1321, 1327, 1331, 1332, 1340, 1341, 1349, 1350, 1356, 1360, 1361, 1368, 1369], "excluded_lines": [], "start_line": 1}}}, "data\\__init__.py": {"executed_lines": [], "summary": {"covered_lines": 0, "num_statements": 0, "percent_covered": 100.0, "percent_covered_display": "100", "missing_lines": 0, "excluded_lines": 0, "percent_statements_covered": 100.0, "percent_statements_covered_display": "100"}, "missing_lines": [], "excluded_lines": [], "functions": {"": {"executed_lines": [], "summary": {"covered_lines": 0, "num_statements": 0, "percent_covered": 100.0, "percent_covered_display": "100", "missing_lines": 0, "excluded_lines": 0, "percent_statements_covered": 100.0, "percent_statements_covered_display": "100"}, "missing_lines": [], "excluded_lines": [], "start_line": 1}}, "classes": {"": {"executed_lines": [], "summary": {"covered_lines": 0, "num_statements": 0, "percent_covered": 100.0, "percent_covered_display": "100", "missing_lines": 0, "excluded_lines": 0, "percent_statements_covered": 100.0, "percent_statements_covered_display": "100"}, "missing_lines": [], "excluded_lines": [], "start_line": 1}}}, "data\\loader.py": {"executed_lines": [1, 2, 3, 4, 5, 6, 7, 8, 9, 11, 12, 14, 20, 21, 24, 35, 38, 39, 40, 41, 44, 47, 48, 51, 54, 55, 58, 64, 65, 66, 67, 70, 72, 73, 77, 78, 82, 83, 87, 88, 89, 96, 102, 103, 104, 106, 107, 108, 110, 111, 129, 130, 132, 133, 135, 136, 141, 142, 152, 153, 154, 156, 157, 158, 161, 165, 167, 174, 175, 182, 183, 184, 186, 187, 188, 189, 190, 192, 195, 196, 197, 198, 199, 200, 201, 202, 203, 206, 207, 208, 211, 220, 233, 234, 237, 247, 252, 255, 260, 263, 275, 279, 280, 281, 288, 289, 290, 291, 309, 312, 315, 316, 318, 321], "summary": {"covered_lines": 114, "num_statements": 166, "percent_covered": 68.67469879518072, "percent_covered_display": "69", "missing_lines": 52, "excluded_lines": 0, "percent_statements_covered": 68.67469879518072, "percent_statements_covered_display": "69"}, "missing_lines": [74, 79, 84, 90, 92, 93, 113, 114, 116, 117, 118, 120, 121, 122, 123, 124, 125, 126, 127, 134, 137, 138, 139, 144, 145, 146, 147, 148, 149, 150, 159, 162, 168, 170, 171, 172, 177, 178, 179, 180, 276, 277, 292, 293, 295, 301, 302, 303, 310, 313, 319, 322], "excluded_lines": [], "functions": {"_get_parquet_path": {"executed_lines": [47, 48], "summary": {"covered_lines": 2, "num_statements": 2, "percent_covered": 100.0, "percent_covered_display": "100", "missing_lines": 0, "excluded_lines": 0, "percent_statements_covered": 100.0, "percent_statements_covered_display": "100"}, "missing_lines": [], "excluded_lines": [], "start_line": 44}, "_get_csv_path": {"executed_lines": [54, 55], "summary": {"covered_lines": 2, "num_statements": 2, "percent_covered": 100.0, "percent_covered_display": "100", "missing_lines": 0, "excluded_lines": 0, "percent_statements_covered": 100.0, "percent_statements_covered_display": "100"}, "missing_lines": [], "excluded_lines": [], "start_line": 51}, "_validate_data": {"executed_lines": [64, 65, 66, 67, 70, 72, 73, 77, 78, 82, 83, 87, 88, 89], "summary": {"covered_lines": 14, "num_statements": 20, "percent_covered": 70.0, "percent_covered_display": "70", "missing_lines": 6, "excluded_lines": 0, "percent_statements_covered": 70.0, "percent_statements_covered_display": "70"}, "missing_lines": [74, 79, 84, 90, 92, 93], "excluded_lines": [], "start_line": 58}, "DataLoader._get_parquet_path": {"executed_lines": [104], "summary": {"covered_lines": 1, "num_statements": 1, "percent_covered": 100.0, "percent_covered_display": "100", "missing_lines": 0, "excluded_lines": 0, "percent_statements_covered": 100.0, "percent_statements_covered_display": "100"}, "missing_lines": [], "excluded_lines": [], "start_line": 103}, "DataLoader._get_csv_path": {"executed_lines": [108], "summary": {"covered_lines": 1, "num_statements": 1, "percent_covered": 100.0, "percent_covered_display": "100", "missing_lines": 0, "excluded_lines": 0, "percent_statements_covered": 100.0, "percent_statements_covered_display": "100"}, "missing_lines": [], "excluded_lines": [], "start_line": 107}, "DataLoader.save_as_parquet": {"executed_lines": [], "summary": {"covered_lines": 0, "num_statements": 13, "percent_covered": 0.0, "percent_covered_display": "0", "missing_lines": 13, "excluded_lines": 0, "percent_statements_covered": 0.0, "percent_statements_covered_display": "0"}, "missing_lines": [113, 114, 116, 117, 118, 120, 121, 122, 123, 124, 125, 126, 127], "excluded_lines": [], "start_line": 111}, "DataLoader._load_parquet": {"executed_lines": [132, 133, 135, 136], "summary": {"covered_lines": 4, "num_statements": 8, "percent_covered": 50.0, "percent_covered_display": "50", "missing_lines": 4, "excluded_lines": 0, "percent_statements_covered": 50.0, "percent_statements_covered_display": "50"}, "missing_lines": [134, 137, 138, 139], "excluded_lines": [], "start_line": 130}, "DataLoader._load_csv": {"executed_lines": [], "summary": {"covered_lines": 0, "num_statements": 7, "percent_covered": 0.0, "percent_covered_display": "0", "missing_lines": 7, "excluded_lines": 0, "percent_statements_covered": 0.0, "percent_statements_covered_display": "0"}, "missing_lines": [144, 145, 146, 147, 148, 149, 150], "excluded_lines": [], "start_line": 142}, "DataLoader.load_data_polars": {"executed_lines": [156, 157, 158, 161, 165, 167], "summary": {"covered_lines": 6, "num_statements": 12, "percent_covered": 50.0, "percent_covered_display": "50", "missing_lines": 6, "excluded_lines": 0, "percent_statements_covered": 50.0, "percent_statements_covered_display": "50"}, "missing_lines": [159, 162, 168, 170, 171, 172], "excluded_lines": [], "start_line": 154}, "DataLoader.convert_polars_to_pandas": {"executed_lines": [], "summary": {"covered_lines": 0, "num_statements": 4, "percent_covered": 0.0, "percent_covered_display": "0", "missing_lines": 4, "excluded_lines": 0, "percent_statements_covered": 0.0, "percent_statements_covered_display": "0"}, "missing_lines": [177, 178, 179, 180], "excluded_lines": [], "start_line": 175}, "DataLoader.transform_data_fast": {"executed_lines": [186, 187, 188, 189, 190, 192, 195, 196, 197, 198, 199, 200, 201, 202, 203, 206, 207, 208, 211, 220, 233, 234, 237, 247, 252, 255, 260, 263, 275], "summary": {"covered_lines": 29, "num_statements": 31, "percent_covered": 93.54838709677419, "percent_covered_display": "94", "missing_lines": 2, "excluded_lines": 0, "percent_statements_covered": 93.54838709677419, "percent_statements_covered_display": "94"}, "missing_lines": [276, 277], "excluded_lines": [], "start_line": 184}, "DataLoader.load_and_transform_data": {"executed_lines": [288, 289, 290, 291], "summary": {"covered_lines": 4, "num_statements": 10, "percent_covered": 40.0, "percent_covered_display": "40", "missing_lines": 6, "excluded_lines": 0, "percent_statements_covered": 40.0, "percent_statements_covered_display": "40"}, "missing_lines": [292, 293, 295, 301, 302, 303], "excluded_lines": [], "start_line": 281}, "load_data_polars": {"executed_lines": [], "summary": {"covered_lines": 0, "num_statements": 1, "percent_covered": 0.0, "percent_covered_display": "0", "missing_lines": 1, "excluded_lines": 0, "percent_statements_covered": 0.0, "percent_statements_covered_display": "0"}, "missing_lines": [310], "excluded_lines": [], "start_line": 309}, "transform_data_fast": {"executed_lines": [], "summary": {"covered_lines": 0, "num_statements": 1, "percent_covered": 0.0, "percent_covered_display": "0", "missing_lines": 1, "excluded_lines": 0, "percent_statements_covered": 0.0, "percent_statements_covered_display": "0"}, "missing_lines": [313], "excluded_lines": [], "start_line": 312}, "load_and_transform_data": {"executed_lines": [316], "summary": {"covered_lines": 1, "num_statements": 1, "percent_covered": 100.0, "percent_covered_display": "100", "missing_lines": 0, "excluded_lines": 0, "percent_statements_covered": 100.0, "percent_statements_covered_display": "100"}, "missing_lines": [], "excluded_lines": [], "start_line": 315}, "convert_polars_to_pandas": {"executed_lines": [], "summary": {"covered_lines": 0, "num_statements": 1, "percent_covered": 0.0, "percent_covered_display": "0", "missing_lines": 1, "excluded_lines": 0, "percent_statements_covered": 0.0, "percent_statements_covered_display": "0"}, "missing_lines": [319], "excluded_lines": [], "start_line": 318}, "save_as_parquet": {"executed_lines": [], "summary": {"covered_lines": 0, "num_statements": 1, "percent_covered": 0.0, "percent_covered_display": "0", "missing_lines": 1, "excluded_lines": 0, "percent_statements_covered": 0.0, "percent_statements_covered_display": "0"}, "missing_lines": [322], "excluded_lines": [], "start_line": 321}, "": {"executed_lines": [1, 2, 3, 4, 5, 6, 7, 8, 9, 11, 12, 14, 20, 21, 24, 35, 38, 39, 40, 41, 44, 51, 58, 96, 102, 103, 106, 107, 110, 111, 129, 130, 141, 142, 152, 153, 154, 174, 175, 182, 183, 184, 279, 280, 281, 309, 312, 315, 318, 321], "summary": {"covered_lines": 50, "num_statements": 50, "percent_covered": 100.0, "percent_covered_display": "100", "missing_lines": 0, "excluded_lines": 0, "percent_statements_covered": 100.0, "percent_statements_covered_display": "100"}, "missing_lines": [], "excluded_lines": [], "start_line": 1}}, "classes": {"DataLoader": {"executed_lines": [104, 108, 132, 133, 135, 136, 156, 157, 158, 161, 165, 167, 186, 187, 188, 189, 190, 192, 195, 196, 197, 198, 199, 200, 201, 202, 203, 206, 207, 208, 211, 220, 233, 234, 237, 247, 252, 255, 260, 263, 275, 288, 289, 290, 291], "summary": {"covered_lines": 45, "num_statements": 87, "percent_covered": 51.724137931034484, "percent_covered_display": "52", "missing_lines": 42, "excluded_lines": 0, "percent_statements_covered": 51.724137931034484, "percent_statements_covered_display": "52"}, "missing_lines": [113, 114, 116, 117, 118, 120, 121, 122, 123, 124, 125, 126, 127, 134, 137, 138, 139, 144, 145, 146, 147, 148, 149, 150, 159, 162, 168, 170, 171, 172, 177, 178, 179, 180, 276, 277, 292, 293, 295, 301, 302, 303], "excluded_lines": [], "start_line": 96}, "": {"executed_lines": [1, 2, 3, 4, 5, 6, 7, 8, 9, 11, 12, 14, 20, 21, 24, 35, 38, 39, 40, 41, 44, 47, 48, 51, 54, 55, 58, 64, 65, 66, 67, 70, 72, 73, 77, 78, 82, 83, 87, 88, 89, 96, 102, 103, 106, 107, 110, 111, 129, 130, 141, 142, 152, 153, 154, 174, 175, 182, 183, 184, 279, 280, 281, 309, 312, 315, 316, 318, 321], "summary": {"covered_lines": 69, "num_statements": 79, "percent_covered": 87.34177215189874, "percent_covered_display": "87", "missing_lines": 10, "excluded_lines": 0, "percent_statements_covered": 87.34177215189874, "percent_statements_covered_display": "87"}, "missing_lines": [74, 79, 84, 90, 92, 93, 310, 313, 319, 322], "excluded_lines": [], "start_line": 1}}}, "data\\sample_data.py": {"executed_lines": [6, 7, 8, 14, 43, 395, 397, 400, 402, 404, 408, 409, 410, 411, 412, 413, 414, 415, 418, 419, 422, 425, 427, 428, 432, 433, 436, 438, 439, 440, 441, 442, 464, 466, 467, 468, 469, 470, 471, 496, 498, 499, 500, 501, 502, 503, 511, 514, 516, 517, 518, 519, 520, 521, 532, 535, 537, 538, 540, 543, 558, 560, 561, 562, 563, 571, 573, 574, 576, 577, 579, 582, 596, 598, 606, 609, 611, 619, 622, 624, 625, 636, 639, 650, 652, 660, 662, 663, 664, 665, 666, 667, 676, 678, 693, 696, 702, 704, 707, 709, 793, 795, 796, 798, 800, 804, 805, 808, 810], "summary": {"covered_lines": 109, "num_statements": 112, "percent_covered": 97.32142857142857, "percent_covered_display": "97", "missing_lines": 3, "excluded_lines": 0, "percent_statements_covered": 97.32142857142857, "percent_statements_covered_display": "97"}, "missing_lines": [801, 802, 806], "excluded_lines": [], "functions": {"get_station_df": {"executed_lines": [397], "summary": {"covered_lines": 1, "num_statements": 1, "percent_covered": 100.0, "percent_covered_display": "100", "missing_lines": 0, "excluded_lines": 0, "percent_statements_covered": 100.0, "percent_statements_covered_display": "100"}, "missing_lines": [], "excluded_lines": [], "start_line": 395}, "get_customer_df": {"executed_lines": [402, 404, 408, 409, 410, 411, 412, 413, 414, 415, 418, 419, 422], "summary": {"covered_lines": 13, "num_statements": 13, "percent_covered": 100.0, "percent_covered_display": "100", "missing_lines": 0, "excluded_lines": 0, "percent_statements_covered": 100.0, "percent_statements_covered_display": "100"}, "missing_lines": [], "excluded_lines": [], "start_line": 400}, "get_rfm_df": {"executed_lines": [427, 428, 432, 433], "summary": {"covered_lines": 4, "num_statements": 4, "percent_covered": 100.0, "percent_covered_display": "100", "missing_lines": 0, "excluded_lines": 0, "percent_statements_covered": 100.0, "percent_statements_covered_display": "100"}, "missing_lines": [], "excluded_lines": [], "start_line": 425}, "get_customer_insights": {"executed_lines": [438, 439, 440, 441, 442], "summary": {"covered_lines": 5, "num_statements": 5, "percent_covered": 100.0, "percent_covered_display": "100", "missing_lines": 0, "excluded_lines": 0, "percent_statements_covered": 100.0, "percent_statements_covered_display": "100"}, "missing_lines": [], "excluded_lines": [], "start_line": 436}, "get_operator_profile": {"executed_lines": [466, 467, 468, 469, 470, 471], "summary": {"covered_lines": 6, "num_statements": 6, "percent_covered": 100.0, "percent_covered_display": "100", "missing_lines": 0, "excluded_lines": 0, "percent_statements_covered": 100.0, "percent_statements_covered_display": "100"}, "missing_lines": [], "excluded_lines": [], "start_line": 464}, "get_contract_health_df": {"executed_lines": [498, 499, 500, 501, 502, 503, 511], "summary": {"covered_lines": 7, "num_statements": 7, "percent_covered": 100.0, "percent_covered_display": "100", "missing_lines": 0, "excluded_lines": 0, "percent_statements_covered": 100.0, "percent_statements_covered_display": "100"}, "missing_lines": [], "excluded_lines": [], "start_line": 496}, "get_renewal_forecast_df": {"executed_lines": [516, 517, 518, 519, 520, 521, 532], "summary": {"covered_lines": 7, "num_statements": 7, "percent_covered": 100.0, "percent_covered_display": "100", "missing_lines": 0, "excluded_lines": 0, "percent_statements_covered": 100.0, "percent_statements_covered_display": "100"}, "missing_lines": [], "excluded_lines": [], "start_line": 514}, "get_at_risk_df": {"executed_lines": [537, 538, 540, 543], "summary": {"covered_lines": 4, "num_statements": 4, "percent_covered": 100.0, "percent_covered_display": "100", "missing_lines": 0, "excluded_lines": 0, "percent_statements_covered": 100.0, "percent_statements_covered_display": "100"}, "missing_lines": [], "excluded_lines": [], "start_line": 535}, "get_renewal_health_summary": {"executed_lines": [560, 561, 562, 563], "summary": {"covered_lines": 4, "num_statements": 4, "percent_covered": 100.0, "percent_covered_display": "100", "missing_lines": 0, "excluded_lines": 0, "percent_statements_covered": 100.0, "percent_statements_covered_display": "100"}, "missing_lines": [], "excluded_lines": [], "start_line": 558}, "get_high_value_customers_df": {"executed_lines": [573, 574, 576, 577, 579, 582], "summary": {"covered_lines": 6, "num_statements": 6, "percent_covered": 100.0, "percent_covered_display": "100", "missing_lines": 0, "excluded_lines": 0, "percent_statements_covered": 100.0, "percent_statements_covered_display": "100"}, "missing_lines": [], "excluded_lines": [], "start_line": 571}, "get_operator_history": {"executed_lines": [598, 606], "summary": {"covered_lines": 2, "num_statements": 2, "percent_covered": 100.0, "percent_covered_display": "100", "missing_lines": 0, "excluded_lines": 0, "percent_statements_covered": 100.0, "percent_statements_covered_display": "100"}, "missing_lines": [], "excluded_lines": [], "start_line": 596}, "get_support_tickets": {"executed_lines": [611, 619], "summary": {"covered_lines": 2, "num_statements": 2, "percent_covered": 100.0, "percent_covered_display": "100", "missing_lines": 0, "excluded_lines": 0, "percent_statements_covered": 100.0, "percent_statements_covered_display": "100"}, "missing_lines": [], "excluded_lines": [], "start_line": 609}, "get_engagement_timeline": {"executed_lines": [624, 625], "summary": {"covered_lines": 2, "num_statements": 2, "percent_covered": 100.0, "percent_covered_display": "100", "missing_lines": 0, "excluded_lines": 0, "percent_statements_covered": 100.0, "percent_statements_covered_display": "100"}, "missing_lines": [], "excluded_lines": [], "start_line": 622}, "get_operator_monthly_stats": {"executed_lines": [639], "summary": {"covered_lines": 1, "num_statements": 1, "percent_covered": 100.0, "percent_covered_display": "100", "missing_lines": 0, "excluded_lines": 0, "percent_statements_covered": 100.0, "percent_statements_covered_display": "100"}, "missing_lines": [], "excluded_lines": [], "start_line": 636}, "get_contract_amendments": {"executed_lines": [652], "summary": {"covered_lines": 1, "num_statements": 1, "percent_covered": 100.0, "percent_covered_display": "100", "missing_lines": 0, "excluded_lines": 0, "percent_statements_covered": 100.0, "percent_statements_covered_display": "100"}, "missing_lines": [], "excluded_lines": [], "start_line": 650}, "get_financial_projections": {"executed_lines": [662, 663, 664, 665, 666, 667], "summary": {"covered_lines": 6, "num_statements": 6, "percent_covered": 100.0, "percent_covered_display": "100", "missing_lines": 0, "excluded_lines": 0, "percent_statements_covered": 100.0, "percent_statements_covered_display": "100"}, "missing_lines": [], "excluded_lines": [], "start_line": 660}, "get_operator_comparison_benchmarks": {"executed_lines": [678], "summary": {"covered_lines": 1, "num_statements": 1, "percent_covered": 100.0, "percent_covered_display": "100", "missing_lines": 0, "excluded_lines": 0, "percent_statements_covered": 100.0, "percent_statements_covered_display": "100"}, "missing_lines": [], "excluded_lines": [], "start_line": 676}, "get_support_ticket_trend": {"executed_lines": [696], "summary": {"covered_lines": 1, "num_statements": 1, "percent_covered": 100.0, "percent_covered_display": "100", "missing_lines": 0, "excluded_lines": 0, "percent_statements_covered": 100.0, "percent_statements_covered_display": "100"}, "missing_lines": [], "excluded_lines": [], "start_line": 693}, "get_business_map_data": {"executed_lines": [704], "summary": {"covered_lines": 1, "num_statements": 1, "percent_covered": 100.0, "percent_covered_display": "100", "missing_lines": 0, "excluded_lines": 0, "percent_statements_covered": 100.0, "percent_statements_covered_display": "100"}, "missing_lines": [], "excluded_lines": [], "start_line": 702}, "get_leadership_data": {"executed_lines": [709], "summary": {"covered_lines": 1, "num_statements": 1, "percent_covered": 100.0, "percent_covered_display": "100", "missing_lines": 0, "excluded_lines": 0, "percent_statements_covered": 100.0, "percent_statements_covered_display": "100"}, "missing_lines": [], "excluded_lines": [], "start_line": 707}, "get_operator_health_trend": {"executed_lines": [795, 796, 798, 800, 804, 805, 808, 810], "summary": {"covered_lines": 8, "num_statements": 11, "percent_covered": 72.72727272727273, "percent_covered_display": "73", "missing_lines": 3, "excluded_lines": 0, "percent_statements_covered": 72.72727272727273, "percent_statements_covered_display": "73"}, "missing_lines": [801, 802, 806], "excluded_lines": [], "start_line": 793}, "": {"executed_lines": [6, 7, 8, 14, 43, 395, 400, 425, 436, 464, 496, 514, 535, 558, 571, 596, 609, 622, 636, 650, 660, 676, 693, 702, 707, 793], "summary": {"covered_lines": 26, "num_statements": 26, "percent_covered": 100.0, "percent_covered_display": "100", "missing_lines": 0, "excluded_lines": 0, "percent_statements_covered": 100.0, "percent_statements_covered_display": "100"}, "missing_lines": [], "excluded_lines": [], "start_line": 1}}, "classes": {"": {"executed_lines": [6, 7, 8, 14, 43, 395, 397, 400, 402, 404, 408, 409, 410, 411, 412, 413, 414, 415, 418, 419, 422, 425, 427, 428, 432, 433, 436, 438, 439, 440, 441, 442, 464, 466, 467, 468, 469, 470, 471, 496, 498, 499, 500, 501, 502, 503, 511, 514, 516, 517, 518, 519, 520, 521, 532, 535, 537, 538, 540, 543, 558, 560, 561, 562, 563, 571, 573, 574, 576, 577, 579, 582, 596, 598, 606, 609, 611, 619, 622, 624, 625, 636, 639, 650, 652, 660, 662, 663, 664, 665, 666, 667, 676, 678, 693, 696, 702, 704, 707, 709, 793, 795, 796, 798, 800, 804, 805, 808, 810], "summary": {"covered_lines": 109, "num_statements": 112, "percent_covered": 97.32142857142857, "percent_covered_display": "97", "missing_lines": 3, "excluded_lines": 0, "percent_statements_covered": 97.32142857142857, "percent_statements_covered_display": "97"}, "missing_lines": [801, 802, 806], "excluded_lines": [], "start_line": 1}}}, "main.py": {"executed_lines": [1, 2, 3, 4, 5, 6, 7, 8, 9, 10, 11, 12, 57, 66, 73, 74, 80, 81, 82, 83, 84, 85, 88, 89, 90, 91, 92, 93, 96, 97, 98, 99, 102, 103, 104, 105, 111, 113, 116, 124, 134, 135, 136, 137, 138, 139, 144, 2600, 2601, 2602, 2603, 2605, 2606, 2611, 2613, 2614, 2617, 2624, 2642, 2649, 2655, 2673, 2676, 2677, 2684, 2687, 2711, 2717, 2725, 2731, 2741, 2744, 2749, 2760, 2761, 2762, 2771, 2774, 2789, 2790, 2791, 2797, 2799, 2800, 2802, 2803, 2806, 2809, 2812, 2813, 2814, 2844, 2850, 2852, 2872, 2873, 2875, 2876, 2878, 2880, 2881, 2882, 2884, 2885, 2916, 2917, 2918, 2921, 2922, 2927, 2936, 2939, 4478, 4484, 4486, 4487, 4488, 4513, 4514, 4515, 4528, 4531, 4533, 4534, 4535, 4543, 4544, 4545, 4546, 4547, 4548, 4550, 4551, 4552, 4560, 4562, 4563, 4575, 4582, 4605, 4606, 4608, 4609, 4614, 4637, 4638, 4640, 4643, 4648, 4650, 4652, 4654, 4656, 4658, 4660, 4662, 4664, 4666, 4668, 4670, 4676, 4678, 4690, 4705, 4708, 4711], "summary": {"covered_lines": 166, "num_statements": 1607, "percent_covered": 10.329807093963908, "percent_covered_display": "10", "missing_lines": 1441, "excluded_lines": 0, "percent_statements_covered": 10.329807093963908, "percent_statements_covered_display": "10"}, "missing_lines": [118, 2726, 2727, 2728, 2768, 2769, 2794, 2795, 2807, 2808, 2810, 2811, 2815, 2816, 2817, 2818, 2819, 2820, 2821, 2822, 2823, 2824, 2825, 2826, 2827, 2828, 2829, 2830, 2831, 2832, 2833, 2834, 2835, 2836, 2837, 2838, 2840, 2841, 4651, 4653, 4655, 4661, 4663, 4665, 4722, 4723, 4724, 4727, 4728, 4729, 4747, 4748, 4749, 4762, 4765, 4766, 4775, 4776, 4778, 4793, 4794, 4800, 4801, 4807, 4808, 4811, 4819, 4820, 4821, 4822, 4823, 4824, 4826, 4828, 4834, 4836, 4837, 4838, 4841, 4846, 4848, 4851, 4852, 4853, 4856, 4859, 4862, 4867, 4873, 4875, 4877, 4888, 4899, 4911, 4923, 4924, 4930, 4950, 4951, 4952, 4953, 4954, 4955, 4956, 4957, 4958, 4959, 4960, 4961, 4962, 4965, 4966, 4974, 4975, 4976, 4978, 4981, 4982, 4984, 4985, 4987, 5002, 5003, 5005, 5006, 5007, 5008, 5010, 5012, 5013, 5025, 5026, 5028, 5029, 5030, 5033, 5035, 5036, 5037, 5045, 5055, 5058, 5059, 5065, 5067, 5068, 5076, 5086, 5108, 5112, 5113, 5115, 5116, 5117, 5125, 5131, 5139, 5153, 5162, 5163, 5165, 5166, 5174, 5175, 5176, 5179, 5193, 5202, 5204, 5208, 5211, 5212, 5220, 5226, 5234, 5261, 5264, 5266, 5269, 5270, 5276, 5277, 5281, 5282, 5283, 5284, 5285, 5287, 5289, 5290, 5291, 5292, 5293, 5295, 5297, 5302, 5305, 5306, 5313, 5316, 5319, 5320, 5321, 5325, 5326, 5330, 5331, 5338, 5347, 5348, 5350, 5351, 5363, 5364, 5366, 5367, 5368, 5373, 5374, 5375, 5388, 5390, 5391, 5400, 5401, 5402, 5403, 5417, 5419, 5420, 5428, 5431, 5432, 5438, 5441, 5446, 5448, 5449, 5453, 5454, 5462, 5475, 5476, 5478, 5479, 5483, 5484, 5485, 5492, 5507, 5511, 5513, 5515, 5516, 5520, 5521, 5522, 5529, 5535, 5551, 5554, 5556, 5557, 5561, 5562, 5570, 5579, 5580, 5582, 5586, 5595, 5621, 5627, 5628, 5629, 5638, 5643, 5644, 5646, 5655, 5675, 5676, 5678, 5680, 5681, 5685, 5686, 5688, 5696, 5715, 5716, 5718, 5719, 5723, 5725, 5752, 5758, 5760, 5764, 5765, 5766, 5775, 5784, 5787, 5791, 5793, 5804, 5835, 5839, 5840, 5843, 5849, 5850, 5851, 5859, 5864, 5866, 5868, 5869, 5873, 5881, 5890, 5891, 5893, 5894, 5898, 5899, 5911, 5919, 5934, 5937, 5940, 5945, 5946, 5949, 5953, 5954, 5959, 5960, 5961, 5962, 5963, 5965, 5966, 5967, 5968, 5969, 5970, 5972, 5974, 5992, 5993, 5998, 5999, 6000, 6001, 6003, 6004, 6005, 6006, 6008, 6010, 6027, 6045, 6050, 6052, 6053, 6054, 6056, 6058, 6059, 6070, 6071, 6082, 6083, 6094, 6095, 6096, 6111, 6112, 6113, 6128, 6129, 6130, 6146, 6151, 6152, 6153, 6155, 6164, 6177, 6178, 6180, 6182, 6183, 6187, 6192, 6193, 6195, 6202, 6217, 6221, 6223, 6224, 6228, 6239, 6241, 6242, 6243, 6257, 6258, 6297, 6298, 6299, 6300, 6301, 6303, 6304, 6313, 6314, 6316, 6317, 6318, 6326, 6337, 6349, 6350, 6351, 6359, 6367, 6376, 6377, 6378, 6386, 6394, 6404, 6407, 6419, 6424, 6429, 6435, 6438, 6441, 6445, 6446, 6447, 6454, 6455, 6456, 6464, 6467, 6471, 6473, 6474, 6475, 6482, 6489, 6496, 6504, 6505, 6507, 6508, 6509, 6517, 6526, 6527, 6528, 6529, 6532, 6536, 6538, 6539, 6540, 6550, 6557, 6558, 6560, 6561, 6562, 6569, 6576, 6583, 6586, 6589, 6592, 6594, 6595, 6596, 6603, 6612, 6619, 6626, 6627, 6629, 6630, 6631, 6641, 6647, 6650, 6653, 6655, 6656, 6657, 6664, 6665, 6674, 6675, 6677, 6678, 6679, 6686, 6687, 6696, 6697, 6700, 6704, 6706, 6707, 6708, 6715, 6716, 6725, 6726, 6728, 6729, 6730, 6740, 6747, 6748, 6751, 6754, 6756, 6757, 6758, 6766, 6774, 6782, 6787, 6789, 6790, 6791, 6799, 6806, 6809, 6812, 6813, 6817, 6825, 6826, 6827, 6828, 6829, 6830, 6838, 6846, 6847, 6859, 6860, 6868, 6869, 6870, 6877, 6879, 6883, 6884, 6885, 6886, 6887, 6888, 6889, 6890, 6891, 6894, 6998, 6999, 7000, 7011, 7012, 7023, 7024, 7035, 7036, 7048, 7053, 7054, 7055, 7056, 7058, 7066, 7075, 7082, 7083, 7085, 7086, 7087, 7090, 7094, 7103, 7112, 7114, 7119, 7120, 7121, 7122, 7123, 7124, 7125, 7126, 7128, 7130, 7131, 7144, 7151, 7152, 7161, 7163, 7164, 7173, 7178, 7179, 7180, 7191, 7198, 7206, 7212, 7213, 7215, 7216, 7224, 7230, 7231, 7234, 7239, 7240, 7241, 7252, 7254, 7261, 7270, 7277, 7278, 7280, 7281, 7290, 7299, 7301, 7306, 7307, 7308, 7315, 7321, 7323, 7324, 7334, 7340, 7342, 7347, 7363, 7366, 7370, 7376, 7388, 7399, 7412, 7414, 7415, 7416, 7417, 7418, 7420, 7429, 7433, 7440, 7442, 7443, 7444, 7447, 7450, 7452, 7454, 7464, 7469, 7470, 7471, 7472, 7496, 7497, 7498, 7499, 7500, 7505, 7520, 7521, 7527, 7528, 7529, 7534, 7545, 7546, 7557, 7558, 7569, 7570, 7573, 7586, 7588, 7589, 7590, 7592, 7593, 7603, 7612, 7613, 7614, 7615, 7616, 7617, 7619, 7626, 7628, 7629, 7630, 7634, 7635, 7646, 7656, 7657, 7658, 7659, 7661, 7668, 7671, 7672, 7674, 7675, 7678, 7680, 7686, 7695, 7700, 7702, 7703, 7712, 7720, 7721, 7724, 7725, 7726, 7727, 7732, 7733, 7738, 7739, 7745, 7749, 7754, 7773, 7791, 7800, 7801, 7808, 7810, 7966, 7967, 7968, 7969, 7970, 7973, 8000, 8001, 8005, 8006, 8007, 8013, 8014, 8016, 8018, 8019, 8022, 8023, 8025, 8026, 8027, 8028, 8029, 8030, 8032, 8033, 8034, 8035, 8037, 8038, 8040, 8047, 8048, 8049, 8050, 8052, 8053, 8055, 8056, 8058, 8059, 8062, 8063, 8064, 8073, 8074, 8083, 8084, 8094, 8095, 8096, 8097, 8098, 8099, 8108, 8109, 8118, 8119, 8129, 8132, 8134, 8135, 8136, 8139, 8183, 8190, 8193, 8195, 8196, 8197, 8202, 8203, 8204, 8209, 8210, 8215, 8216, 8222, 8224, 8225, 8229, 8232, 8233, 8240, 8273, 8275, 8277, 8281, 8284, 8285, 8291, 8298, 8300, 8302, 8303, 8307, 8308, 8309, 8312, 8319, 8325, 8327, 8330, 8331, 8335, 8336, 8338, 8339, 8340, 8341, 8345, 8346, 8347, 8348, 8349, 8350, 8351, 8352, 8353, 8359, 8365, 8366, 8367, 8370, 8375, 8377, 8386, 8387, 8395, 8398, 8402, 8404, 8405, 8406, 8407, 8418, 8424, 8426, 8428, 8438, 8444, 8447, 8451, 8472, 8474, 8477, 8478, 8479, 8482, 8483, 8484, 8489, 8490, 8491, 8492, 8493, 8496, 8502, 8503, 8504, 8505, 8506, 8507, 8508, 8510, 8512, 8516, 8517, 8518, 8525, 8531, 8533, 8535, 8536, 8540, 8541, 8542, 8543, 8550, 8552, 8553, 8557, 8558, 8559, 8560, 8561, 8562, 8568, 8575, 8582, 8585, 8589, 8592, 8593, 8596, 8601, 8602, 8610, 8617, 8620, 8624, 8643, 8648, 8649, 8656, 8658, 8662, 8663, 8664, 8690, 8693, 8694, 8700, 8701, 8702, 8711, 8712, 8721, 8722, 8731, 8732, 8733, 8734, 8735, 8738, 8748, 8757, 8758, 8768, 8772, 8775, 8776, 8783, 8789, 8791, 8793, 8797, 8798, 8799, 8801, 8802, 8819, 8823, 8824, 8825, 8840, 8845, 8846, 8847, 8854, 8856, 8859, 8863, 8864, 8865, 8876, 8877, 8878, 8885, 8892, 8894, 8895, 8896, 8897, 8900, 8903, 8910, 8915, 8916, 8919, 8921, 8922, 8923, 8924, 8927, 8928, 8929, 8932, 8933, 8936, 8938, 8939, 8942, 8943, 8947, 8956, 8957, 8958, 8965, 8966, 8969, 8970, 8971, 8973, 8976, 8977, 8979, 8980, 8981, 8983, 8990, 8991, 8992, 8993, 8994, 8995, 8996, 8997, 8998, 9001, 9005, 9006, 9007, 9008, 9009, 9022, 9023, 9196, 9197, 9198, 9199, 9201, 9215, 9216, 9217, 9218, 9220, 9221, 9226, 9229, 9230, 9232, 9234, 9235, 9237, 9239, 9240, 9242, 9244, 9249, 9252, 9253, 9254, 9255, 9256, 9259, 9260, 9261, 9262, 9263, 9264, 9266, 9272, 9301, 9302, 9303, 9304, 9307, 9321, 9330, 9332, 9333, 9334, 9339, 9340, 9347, 9356, 9358, 9369, 9381, 9382, 9383, 9384, 9391, 9400, 9401, 9402, 9403, 9404, 9405, 9417, 9418, 9426, 9434, 9437, 9441, 9442, 9443, 9466, 9473, 9475, 9476, 9499, 9506, 9509, 9512, 9513, 9514, 9515, 9516, 9517, 9526, 9534, 9536, 9537, 9538, 9539, 9548, 9557, 9562, 9565, 9566, 9567, 9569, 9570, 9580, 9581, 9582, 9583, 9584, 9585, 9586, 9587, 9588, 9589, 9590, 9591, 9594, 9595, 9596, 9597, 9598, 9599, 9600, 9602, 9607, 9609, 9638, 9667, 9696, 9697, 9698, 9699, 9706, 9715, 9716, 9718, 9719, 9726, 9735, 9736, 9739, 9740, 9741, 9760, 9773, 9784, 9786, 9787, 9793, 9801, 9809, 9811, 9816, 9817, 9818, 9819, 9820, 9822, 9823, 9824, 9826, 9827, 9828, 9829, 9830, 9832, 9833, 9839, 9840, 9841, 9842, 9846, 9848, 9853, 9861, 9862, 9863, 9865, 9866, 9868, 9873, 9879, 9882, 9887, 9893, 9894, 9896, 9897, 9898, 9900, 9906, 9935, 9964, 9993, 9994, 9995, 9996, 9997, 9998, 9999, 10006, 10014, 10022, 10024, 10025, 10026, 10036, 10045, 10048, 10051, 10057, 10064, 10072, 10075, 10079, 10080, 10081, 10087, 10095, 10103, 10105, 10106, 10125, 10133, 10141, 10144, 10149, 10150, 10151, 10161, 10162, 10172, 10173, 10185, 10190, 10347, 10348, 10349, 10350, 10351, 10352, 10353, 10354, 10356, 10358, 10360, 10732, 10737, 10754, 10759, 10760, 10761, 10771, 10772, 10782, 10783, 10793, 10794, 10808, 10813, 10827, 10857, 10862, 10889, 10890, 10891, 10892, 10899, 10900, 10905, 10910, 10911, 10912, 10916, 10923, 10932, 10934, 10935, 10939, 10946, 10954, 10957, 10958, 10959, 10960, 10965, 10973, 10982, 10984, 10985, 10989, 10996, 11006, 11011, 11016, 11023, 11024, 11025, 11031, 11032, 11037, 11042, 11051, 11052, 11053, 11057, 11058, 11061, 11065, 11070, 11071, 11073, 11074, 11076, 11077, 11078, 11080, 11081, 11082, 11083, 11084, 11085, 11086, 11088, 11089, 11090, 11091, 11094, 11095, 11096, 11098, 11100, 11101, 11102, 11103, 11104, 11105, 11106, 11108, 11109, 11110, 11112, 11114, 11115, 11116, 11118, 11119, 11121, 11122, 11124, 11125, 11126, 11127, 11129, 11130, 11131, 11136, 11141, 11142, 11143, 11153, 11154, 11155, 11156, 11157, 11164, 11165, 11168], "excluded_lines": [], "functions": {"format_euro": {"executed_lines": [81, 82, 83, 84, 85], "summary": {"covered_lines": 5, "num_statements": 5, "percent_covered": 100.0, "percent_covered_display": "100", "missing_lines": 0, "excluded_lines": 0, "percent_statements_covered": 100.0, "percent_statements_covered_display": "100"}, "missing_lines": [], "excluded_lines": [], "start_line": 80}, "get_status_color": {"executed_lines": [89, 90, 91, 92, 93], "summary": {"covered_lines": 5, "num_statements": 5, "percent_covered": 100.0, "percent_covered_display": "100", "missing_lines": 0, "excluded_lines": 0, "percent_statements_covered": 100.0, "percent_statements_covered_display": "100"}, "missing_lines": [], "excluded_lines": [], "start_line": 88}, "format_number": {"executed_lines": [97, 98, 99], "summary": {"covered_lines": 3, "num_statements": 3, "percent_covered": 100.0, "percent_covered_display": "100", "missing_lines": 0, "excluded_lines": 0, "percent_statements_covered": 100.0, "percent_statements_covered_display": "100"}, "missing_lines": [], "excluded_lines": [], "start_line": 96}, "format_score": {"executed_lines": [103, 104, 105], "summary": {"covered_lines": 3, "num_statements": 3, "percent_covered": 100.0, "percent_covered_display": "100", "missing_lines": 0, "excluded_lines": 0, "percent_statements_covered": 100.0, "percent_statements_covered_display": "100"}, "missing_lines": [], "excluded_lines": [], "start_line": 102}, "convert_to_csv": {"executed_lines": [113], "summary": {"covered_lines": 1, "num_statements": 1, "percent_covered": 100.0, "percent_covered_display": "100", "missing_lines": 0, "excluded_lines": 0, "percent_statements_covered": 100.0, "percent_statements_covered_display": "100"}, "missing_lines": [], "excluded_lines": [], "start_line": 111}, "show_loading_spinner": {"executed_lines": [], "summary": {"covered_lines": 0, "num_statements": 1, "percent_covered": 0.0, "percent_covered_display": "0", "missing_lines": 1, "excluded_lines": 0, "percent_statements_covered": 0.0, "percent_statements_covered_display": "0"}, "missing_lines": [118], "excluded_lines": [], "start_line": 116}, "build_train_animation": {"executed_lines": [2875, 2876, 2878, 2880, 2881, 2882, 2884, 2885, 2916, 2917, 2918, 2921, 2922, 2927, 2936, 2939, 4478], "summary": {"covered_lines": 17, "num_statements": 17, "percent_covered": 100.0, "percent_covered_display": "100", "missing_lines": 0, "excluded_lines": 0, "percent_statements_covered": 100.0, "percent_statements_covered_display": "100"}, "missing_lines": [], "excluded_lines": [], "start_line": 2873}, "color_temp": {"executed_lines": [4650, 4652, 4654, 4656], "summary": {"covered_lines": 4, "num_statements": 7, "percent_covered": 57.142857142857146, "percent_covered_display": "57", "missing_lines": 3, "excluded_lines": 0, "percent_statements_covered": 57.142857142857146, "percent_statements_covered_display": "57"}, "missing_lines": [4651, 4653, 4655], "excluded_lines": [], "start_line": 4648}, "color_risk": {"executed_lines": [4660, 4662, 4664, 4666], "summary": {"covered_lines": 4, "num_statements": 7, "percent_covered": 57.142857142857146, "percent_covered_display": "57", "missing_lines": 3, "excluded_lines": 0, "percent_statements_covered": 57.142857142857146, "percent_statements_covered_display": "57"}, "missing_lines": [4661, 4663, 4665], "excluded_lines": [], "start_line": 4658}, "color_status": {"executed_lines": [4670, 4676], "summary": {"covered_lines": 2, "num_statements": 2, "percent_covered": 100.0, "percent_covered_display": "100", "missing_lines": 0, "excluded_lines": 0, "percent_statements_covered": 100.0, "percent_statements_covered_display": "100"}, "missing_lines": [], "excluded_lines": [], "start_line": 4668}, "": {"executed_lines": [1, 2, 3, 4, 5, 6, 7, 8, 9, 10, 11, 12, 57, 66, 73, 74, 80, 88, 96, 102, 111, 116, 124, 134, 135, 136, 137, 138, 139, 144, 2600, 2601, 2602, 2603, 2605, 2606, 2611, 2613, 2614, 2617, 2624, 2642, 2649, 2655, 2673, 2676, 2677, 2684, 2687, 2711, 2717, 2725, 2731, 2741, 2744, 2749, 2760, 2761, 2762, 2771, 2774, 2789, 2790, 2791, 2797, 2799, 2800, 2802, 2803, 2806, 2809, 2812, 2813, 2814, 2844, 2850, 2852, 2872, 2873, 4484, 4486, 4487, 4488, 4513, 4514, 4515, 4528, 4531, 4533, 4534, 4535, 4543, 4544, 4545, 4546, 4547, 4548, 4550, 4551, 4552, 4560, 4562, 4563, 4575, 4582, 4605, 4606, 4608, 4609, 4614, 4637, 4638, 4640, 4643, 4648, 4658, 4668, 4678, 4690, 4705, 4708, 4711], "summary": {"covered_lines": 122, "num_statements": 1556, "percent_covered": 7.840616966580977, "percent_covered_display": "8", "missing_lines": 1434, "excluded_lines": 0, "percent_statements_covered": 7.840616966580977, "percent_statements_covered_display": "8"}, "missing_lines": [2726, 2727, 2728, 2768, 2769, 2794, 2795, 2807, 2808, 2810, 2811, 2815, 2816, 2817, 2818, 2819, 2820, 2821, 2822, 2823, 2824, 2825, 2826, 2827, 2828, 2829, 2830, 2831, 2832, 2833, 2834, 2835, 2836, 2837, 2838, 2840, 2841, 4722, 4723, 4724, 4727, 4728, 4729, 4747, 4748, 4749, 4762, 4765, 4766, 4775, 4776, 4778, 4793, 4794, 4800, 4801, 4807, 4808, 4811, 4819, 4820, 4821, 4822, 4823, 4824, 4826, 4828, 4834, 4836, 4837, 4838, 4841, 4846, 4848, 4851, 4852, 4853, 4856, 4859, 4862, 4867, 4873, 4875, 4877, 4888, 4899, 4911, 4923, 4924, 4930, 4950, 4951, 4952, 4953, 4954, 4955, 4956, 4957, 4958, 4959, 4960, 4961, 4962, 4965, 4966, 4974, 4975, 4976, 4978, 4981, 4982, 4984, 4985, 4987, 5002, 5003, 5005, 5006, 5007, 5008, 5010, 5012, 5013, 5025, 5026, 5028, 5029, 5030, 5033, 5035, 5036, 5037, 5045, 5055, 5058, 5059, 5065, 5067, 5068, 5076, 5086, 5108, 5112, 5113, 5115, 5116, 5117, 5125, 5131, 5139, 5153, 5162, 5163, 5165, 5166, 5174, 5175, 5176, 5179, 5193, 5202, 5204, 5208, 5211, 5212, 5220, 5226, 5234, 5261, 5264, 5266, 5269, 5270, 5276, 5277, 5281, 5282, 5283, 5284, 5285, 5287, 5289, 5290, 5291, 5292, 5293, 5295, 5297, 5302, 5305, 5306, 5313, 5316, 5319, 5320, 5321, 5325, 5326, 5330, 5331, 5338, 5347, 5348, 5350, 5351, 5363, 5364, 5366, 5367, 5368, 5373, 5374, 5375, 5388, 5390, 5391, 5400, 5401, 5402, 5403, 5417, 5419, 5420, 5428, 5431, 5432, 5438, 5441, 5446, 5448, 5449, 5453, 5454, 5462, 5475, 5476, 5478, 5479, 5483, 5484, 5485, 5492, 5507, 5511, 5513, 5515, 5516, 5520, 5521, 5522, 5529, 5535, 5551, 5554, 5556, 5557, 5561, 5562, 5570, 5579, 5580, 5582, 5586, 5595, 5621, 5627, 5628, 5629, 5638, 5643, 5644, 5646, 5655, 5675, 5676, 5678, 5680, 5681, 5685, 5686, 5688, 5696, 5715, 5716, 5718, 5719, 5723, 5725, 5752, 5758, 5760, 5764, 5765, 5766, 5775, 5784, 5787, 5791, 5793, 5804, 5835, 5839, 5840, 5843, 5849, 5850, 5851, 5859, 5864, 5866, 5868, 5869, 5873, 5881, 5890, 5891, 5893, 5894, 5898, 5899, 5911, 5919, 5934, 5937, 5940, 5945, 5946, 5949, 5953, 5954, 5959, 5960, 5961, 5962, 5963, 5965, 5966, 5967, 5968, 5969, 5970, 5972, 5974, 5992, 5993, 5998, 5999, 6000, 6001, 6003, 6004, 6005, 6006, 6008, 6010, 6027, 6045, 6050, 6052, 6053, 6054, 6056, 6058, 6059, 6070, 6071, 6082, 6083, 6094, 6095, 6096, 6111, 6112, 6113, 6128, 6129, 6130, 6146, 6151, 6152, 6153, 6155, 6164, 6177, 6178, 6180, 6182, 6183, 6187, 6192, 6193, 6195, 6202, 6217, 6221, 6223, 6224, 6228, 6239, 6241, 6242, 6243, 6257, 6258, 6297, 6298, 6299, 6300, 6301, 6303, 6304, 6313, 6314, 6316, 6317, 6318, 6326, 6337, 6349, 6350, 6351, 6359, 6367, 6376, 6377, 6378, 6386, 6394, 6404, 6407, 6419, 6424, 6429, 6435, 6438, 6441, 6445, 6446, 6447, 6454, 6455, 6456, 6464, 6467, 6471, 6473, 6474, 6475, 6482, 6489, 6496, 6504, 6505, 6507, 6508, 6509, 6517, 6526, 6527, 6528, 6529, 6532, 6536, 6538, 6539, 6540, 6550, 6557, 6558, 6560, 6561, 6562, 6569, 6576, 6583, 6586, 6589, 6592, 6594, 6595, 6596, 6603, 6612, 6619, 6626, 6627, 6629, 6630, 6631, 6641, 6647, 6650, 6653, 6655, 6656, 6657, 6664, 6665, 6674, 6675, 6677, 6678, 6679, 6686, 6687, 6696, 6697, 6700, 6704, 6706, 6707, 6708, 6715, 6716, 6725, 6726, 6728, 6729, 6730, 6740, 6747, 6748, 6751, 6754, 6756, 6757, 6758, 6766, 6774, 6782, 6787, 6789, 6790, 6791, 6799, 6806, 6809, 6812, 6813, 6817, 6825, 6826, 6827, 6828, 6829, 6830, 6838, 6846, 6847, 6859, 6860, 6868, 6869, 6870, 6877, 6879, 6883, 6884, 6885, 6886, 6887, 6888, 6889, 6890, 6891, 6894, 6998, 6999, 7000, 7011, 7012, 7023, 7024, 7035, 7036, 7048, 7053, 7054, 7055, 7056, 7058, 7066, 7075, 7082, 7083, 7085, 7086, 7087, 7090, 7094, 7103, 7112, 7114, 7119, 7120, 7121, 7122, 7123, 7124, 7125, 7126, 7128, 7130, 7131, 7144, 7151, 7152, 7161, 7163, 7164, 7173, 7178, 7179, 7180, 7191, 7198, 7206, 7212, 7213, 7215, 7216, 7224, 7230, 7231, 7234, 7239, 7240, 7241, 7252, 7254, 7261, 7270, 7277, 7278, 7280, 7281, 7290, 7299, 7301, 7306, 7307, 7308, 7315, 7321, 7323, 7324, 7334, 7340, 7342, 7347, 7363, 7366, 7370, 7376, 7388, 7399, 7412, 7414, 7415, 7416, 7417, 7418, 7420, 7429, 7433, 7440, 7442, 7443, 7444, 7447, 7450, 7452, 7454, 7464, 7469, 7470, 7471, 7472, 7496, 7497, 7498, 7499, 7500, 7505, 7520, 7521, 7527, 7528, 7529, 7534, 7545, 7546, 7557, 7558, 7569, 7570, 7573, 7586, 7588, 7589, 7590, 7592, 7593, 7603, 7612, 7613, 7614, 7615, 7616, 7617, 7619, 7626, 7628, 7629, 7630, 7634, 7635, 7646, 7656, 7657, 7658, 7659, 7661, 7668, 7671, 7672, 7674, 7675, 7678, 7680, 7686, 7695, 7700, 7702, 7703, 7712, 7720, 7721, 7724, 7725, 7726, 7727, 7732, 7733, 7738, 7739, 7745, 7749, 7754, 7773, 7791, 7800, 7801, 7808, 7810, 7966, 7967, 7968, 7969, 7970, 7973, 8000, 8001, 8005, 8006, 8007, 8013, 8014, 8016, 8018, 8019, 8022, 8023, 8025, 8026, 8027, 8028, 8029, 8030, 8032, 8033, 8034, 8035, 8037, 8038, 8040, 8047, 8048, 8049, 8050, 8052, 8053, 8055, 8056, 8058, 8059, 8062, 8063, 8064, 8073, 8074, 8083, 8084, 8094, 8095, 8096, 8097, 8098, 8099, 8108, 8109, 8118, 8119, 8129, 8132, 8134, 8135, 8136, 8139, 8183, 8190, 8193, 8195, 8196, 8197, 8202, 8203, 8204, 8209, 8210, 8215, 8216, 8222, 8224, 8225, 8229, 8232, 8233, 8240, 8273, 8275, 8277, 8281, 8284, 8285, 8291, 8298, 8300, 8302, 8303, 8307, 8308, 8309, 8312, 8319, 8325, 8327, 8330, 8331, 8335, 8336, 8338, 8339, 8340, 8341, 8345, 8346, 8347, 8348, 8349, 8350, 8351, 8352, 8353, 8359, 8365, 8366, 8367, 8370, 8375, 8377, 8386, 8387, 8395, 8398, 8402, 8404, 8405, 8406, 8407, 8418, 8424, 8426, 8428, 8438, 8444, 8447, 8451, 8472, 8474, 8477, 8478, 8479, 8482, 8483, 8484, 8489, 8490, 8491, 8492, 8493, 8496, 8502, 8503, 8504, 8505, 8506, 8507, 8508, 8510, 8512, 8516, 8517, 8518, 8525, 8531, 8533, 8535, 8536, 8540, 8541, 8542, 8543, 8550, 8552, 8553, 8557, 8558, 8559, 8560, 8561, 8562, 8568, 8575, 8582, 8585, 8589, 8592, 8593, 8596, 8601, 8602, 8610, 8617, 8620, 8624, 8643, 8648, 8649, 8656, 8658, 8662, 8663, 8664, 8690, 8693, 8694, 8700, 8701, 8702, 8711, 8712, 8721, 8722, 8731, 8732, 8733, 8734, 8735, 8738, 8748, 8757, 8758, 8768, 8772, 8775, 8776, 8783, 8789, 8791, 8793, 8797, 8798, 8799, 8801, 8802, 8819, 8823, 8824, 8825, 8840, 8845, 8846, 8847, 8854, 8856, 8859, 8863, 8864, 8865, 8876, 8877, 8878, 8885, 8892, 8894, 8895, 8896, 8897, 8900, 8903, 8910, 8915, 8916, 8919, 8921, 8922, 8923, 8924, 8927, 8928, 8929, 8932, 8933, 8936, 8938, 8939, 8942, 8943, 8947, 8956, 8957, 8958, 8965, 8966, 8969, 8970, 8971, 8973, 8976, 8977, 8979, 8980, 8981, 8983, 8990, 8991, 8992, 8993, 8994, 8995, 8996, 8997, 8998, 9001, 9005, 9006, 9007, 9008, 9009, 9022, 9023, 9196, 9197, 9198, 9199, 9201, 9215, 9216, 9217, 9218, 9220, 9221, 9226, 9229, 9230, 9232, 9234, 9235, 9237, 9239, 9240, 9242, 9244, 9249, 9252, 9253, 9254, 9255, 9256, 9259, 9260, 9261, 9262, 9263, 9264, 9266, 9272, 9301, 9302, 9303, 9304, 9307, 9321, 9330, 9332, 9333, 9334, 9339, 9340, 9347, 9356, 9358, 9369, 9381, 9382, 9383, 9384, 9391, 9400, 9401, 9402, 9403, 9404, 9405, 9417, 9418, 9426, 9434, 9437, 9441, 9442, 9443, 9466, 9473, 9475, 9476, 9499, 9506, 9509, 9512, 9513, 9514, 9515, 9516, 9517, 9526, 9534, 9536, 9537, 9538, 9539, 9548, 9557, 9562, 9565, 9566, 9567, 9569, 9570, 9580, 9581, 9582, 9583, 9584, 9585, 9586, 9587, 9588, 9589, 9590, 9591, 9594, 9595, 9596, 9597, 9598, 9599, 9600, 9602, 9607, 9609, 9638, 9667, 9696, 9697, 9698, 9699, 9706, 9715, 9716, 9718, 9719, 9726, 9735, 9736, 9739, 9740, 9741, 9760, 9773, 9784, 9786, 9787, 9793, 9801, 9809, 9811, 9816, 9817, 9818, 9819, 9820, 9822, 9823, 9824, 9826, 9827, 9828, 9829, 9830, 9832, 9833, 9839, 9840, 9841, 9842, 9846, 9848, 9853, 9861, 9862, 9863, 9865, 9866, 9868, 9873, 9879, 9882, 9887, 9893, 9894, 9896, 9897, 9898, 9900, 9906, 9935, 9964, 9993, 9994, 9995, 9996, 9997, 9998, 9999, 10006, 10014, 10022, 10024, 10025, 10026, 10036, 10045, 10048, 10051, 10057, 10064, 10072, 10075, 10079, 10080, 10081, 10087, 10095, 10103, 10105, 10106, 10125, 10133, 10141, 10144, 10149, 10150, 10151, 10161, 10162, 10172, 10173, 10185, 10190, 10347, 10348, 10349, 10350, 10351, 10352, 10353, 10354, 10356, 10358, 10360, 10732, 10737, 10754, 10759, 10760, 10761, 10771, 10772, 10782, 10783, 10793, 10794, 10808, 10813, 10827, 10857, 10862, 10889, 10890, 10891, 10892, 10899, 10900, 10905, 10910, 10911, 10912, 10916, 10923, 10932, 10934, 10935, 10939, 10946, 10954, 10957, 10958, 10959, 10960, 10965, 10973, 10982, 10984, 10985, 10989, 10996, 11006, 11011, 11016, 11023, 11024, 11025, 11031, 11032, 11037, 11042, 11051, 11052, 11053, 11057, 11058, 11061, 11065, 11070, 11071, 11073, 11074, 11076, 11077, 11078, 11080, 11081, 11082, 11083, 11084, 11085, 11086, 11088, 11089, 11090, 11091, 11094, 11095, 11096, 11098, 11100, 11101, 11102, 11103, 11104, 11105, 11106, 11108, 11109, 11110, 11112, 11114, 11115, 11116, 11118, 11119, 11121, 11122, 11124, 11125, 11126, 11127, 11129, 11130, 11131, 11136, 11141, 11142, 11143, 11153, 11154, 11155, 11156, 11157, 11164, 11165, 11168], "excluded_lines": [], "start_line": 1}}, "classes": {"": {"executed_lines": [1, 2, 3, 4, 5, 6, 7, 8, 9, 10, 11, 12, 57, 66, 73, 74, 80, 81, 82, 83, 84, 85, 88, 89, 90, 91, 92, 93, 96, 97, 98, 99, 102, 103, 104, 105, 111, 113, 116, 124, 134, 135, 136, 137, 138, 139, 144, 2600, 2601, 2602, 2603, 2605, 2606, 2611, 2613, 2614, 2617, 2624, 2642, 2649, 2655, 2673, 2676, 2677, 2684, 2687, 2711, 2717, 2725, 2731, 2741, 2744, 2749, 2760, 2761, 2762, 2771, 2774, 2789, 2790, 2791, 2797, 2799, 2800, 2802, 2803, 2806, 2809, 2812, 2813, 2814, 2844, 2850, 2852, 2872, 2873, 2875, 2876, 2878, 2880, 2881, 2882, 2884, 2885, 2916, 2917, 2918, 2921, 2922, 2927, 2936, 2939, 4478, 4484, 4486, 4487, 4488, 4513, 4514, 4515, 4528, 4531, 4533, 4534, 4535, 4543, 4544, 4545, 4546, 4547, 4548, 4550, 4551, 4552, 4560, 4562, 4563, 4575, 4582, 4605, 4606, 4608, 4609, 4614, 4637, 4638, 4640, 4643, 4648, 4650, 4652, 4654, 4656, 4658, 4660, 4662, 4664, 4666, 4668, 4670, 4676, 4678, 4690, 4705, 4708, 4711], "summary": {"covered_lines": 166, "num_statements": 1607, "percent_covered": 10.329807093963908, "percent_covered_display": "10", "missing_lines": 1441, "excluded_lines": 0, "percent_statements_covered": 10.329807093963908, "percent_statements_covered_display": "10"}, "missing_lines": [118, 2726, 2727, 2728, 2768, 2769, 2794, 2795, 2807, 2808, 2810, 2811, 2815, 2816, 2817, 2818, 2819, 2820, 2821, 2822, 2823, 2824, 2825, 2826, 2827, 2828, 2829, 2830, 2831, 2832, 2833, 2834, 2835, 2836, 2837, 2838, 2840, 2841, 4651, 4653, 4655, 4661, 4663, 4665, 4722, 4723, 4724, 4727, 4728, 4729, 4747, 4748, 4749, 4762, 4765, 4766, 4775, 4776, 4778, 4793, 4794, 4800, 4801, 4807, 4808, 4811, 4819, 4820, 4821, 4822, 4823, 4824, 4826, 4828, 4834, 4836, 4837, 4838, 4841, 4846, 4848, 4851, 4852, 4853, 4856, 4859, 4862, 4867, 4873, 4875, 4877, 4888, 4899, 4911, 4923, 4924, 4930, 4950, 4951, 4952, 4953, 4954, 4955, 4956, 4957, 4958, 4959, 4960, 4961, 4962, 4965, 4966, 4974, 4975, 4976, 4978, 4981, 4982, 4984, 4985, 4987, 5002, 5003, 5005, 5006, 5007, 5008, 5010, 5012, 5013, 5025, 5026, 5028, 5029, 5030, 5033, 5035, 5036, 5037, 5045, 5055, 5058, 5059, 5065, 5067, 5068, 5076, 5086, 5108, 5112, 5113, 5115, 5116, 5117, 5125, 5131, 5139, 5153, 5162, 5163, 5165, 5166, 5174, 5175, 5176, 5179, 5193, 5202, 5204, 5208, 5211, 5212, 5220, 5226, 5234, 5261, 5264, 5266, 5269, 5270, 5276, 5277, 5281, 5282, 5283, 5284, 5285, 5287, 5289, 5290, 5291, 5292, 5293, 5295, 5297, 5302, 5305, 5306, 5313, 5316, 5319, 5320, 5321, 5325, 5326, 5330, 5331, 5338, 5347, 5348, 5350, 5351, 5363, 5364, 5366, 5367, 5368, 5373, 5374, 5375, 5388, 5390, 5391, 5400, 5401, 5402, 5403, 5417, 5419, 5420, 5428, 5431, 5432, 5438, 5441, 5446, 5448, 5449, 5453, 5454, 5462, 5475, 5476, 5478, 5479, 5483, 5484, 5485, 5492, 5507, 5511, 5513, 5515, 5516, 5520, 5521, 5522, 5529, 5535, 5551, 5554, 5556, 5557, 5561, 5562, 5570, 5579, 5580, 5582, 5586, 5595, 5621, 5627, 5628, 5629, 5638, 5643, 5644, 5646, 5655, 5675, 5676, 5678, 5680, 5681, 5685, 5686, 5688, 5696, 5715, 5716, 5718, 5719, 5723, 5725, 5752, 5758, 5760, 5764, 5765, 5766, 5775, 5784, 5787, 5791, 5793, 5804, 5835, 5839, 5840, 5843, 5849, 5850, 5851, 5859, 5864, 5866, 5868, 5869, 5873, 5881, 5890, 5891, 5893, 5894, 5898, 5899, 5911, 5919, 5934, 5937, 5940, 5945, 5946, 5949, 5953, 5954, 5959, 5960, 5961, 5962, 5963, 5965, 5966, 5967, 5968, 5969, 5970, 5972, 5974, 5992, 5993, 5998, 5999, 6000, 6001, 6003, 6004, 6005, 6006, 6008, 6010, 6027, 6045, 6050, 6052, 6053, 6054, 6056, 6058, 6059, 6070, 6071, 6082, 6083, 6094, 6095, 6096, 6111, 6112, 6113, 6128, 6129, 6130, 6146, 6151, 6152, 6153, 6155, 6164, 6177, 6178, 6180, 6182, 6183, 6187, 6192, 6193, 6195, 6202, 6217, 6221, 6223, 6224, 6228, 6239, 6241, 6242, 6243, 6257, 6258, 6297, 6298, 6299, 6300, 6301, 6303, 6304, 6313, 6314, 6316, 6317, 6318, 6326, 6337, 6349, 6350, 6351, 6359, 6367, 6376, 6377, 6378, 6386, 6394, 6
[...]
excluded_lines": 0, "percent_statements_covered": 100.0, "percent_statements_covered_display": "100"}, "missing_lines": [], "excluded_lines": [], "start_line": 437}, "": {"executed_lines": [4, 5, 6, 7, 10, 12, 23, 26, 31, 36, 43, 46, 51, 57, 62, 67, 73, 76, 81, 88, 91, 96, 101, 106, 111, 116, 125, 128, 133, 140, 146, 153, 156, 161, 166, 172, 175, 180, 185, 190, 196, 199, 204, 209, 214, 220, 223, 228, 233, 238, 243, 250, 253, 258, 263, 268, 273, 279, 282, 287, 292, 298, 301, 306, 312, 318, 321, 326, 332, 335, 340, 346, 349, 355, 358, 363, 369, 372, 378, 381, 387, 390, 395, 401, 404, 409, 417, 423, 429, 432, 437, 443], "summary": {"covered_lines": 92, "num_statements": 93, "percent_covered": 98.9247311827957, "percent_covered_display": "99", "missing_lines": 1, "excluded_lines": 0, "percent_statements_covered": 98.9247311827957, "percent_statements_covered_display": "99"}, "missing_lines": [444], "excluded_lines": [], "start_line": 1}}, "classes": {"TestGetStationDf": {"executed_lines": [28, 29, 33, 34, 38, 39, 40], "summary": {"covered_lines": 7, "num_statements": 7, "percent_covered": 100.0, "percent_covered_display": "100", "missing_lines": 0, "excluded_lines": 0, "percent_statements_covered": 100.0, "percent_statements_covered_display": "100"}, "missing_lines": [], "excluded_lines": [], "start_line": 23}, "TestGetCustomerDf": {"executed_lines": [48, 49, 53, 54, 55, 59, 60, 64, 65, 69, 70], "summary": {"covered_lines": 11, "num_statements": 11, "percent_covered": 100.0, "percent_covered_display": "100", "missing_lines": 0, "excluded_lines": 0, "percent_statements_covered": 100.0, "percent_statements_covered_display": "100"}, "missing_lines": [], "excluded_lines": [], "start_line": 43}, "TestGetRfmDf": {"executed_lines": [78, 79, 83, 84, 85], "summary": {"covered_lines": 5, "num_statements": 5, "percent_covered": 100.0, "percent_covered_display": "100", "missing_lines": 0, "excluded_lines": 0, "percent_statements_covered": 100.0, "percent_statements_covered_display": "100"}, "missing_lines": [], "excluded_lines": [], "start_line": 73}, "TestGetCustomerInsights": {"executed_lines": [93, 94, 98, 99, 103, 104, 108, 109, 113, 114, 118, 119, 120, 121, 122], "summary": {"covered_lines": 15, "num_statements": 15, "percent_covered": 100.0, "percent_covered_display": "100", "missing_lines": 0, "excluded_lines": 0, "percent_statements_covered": 100.0, "percent_statements_covered_display": "100"}, "missing_lines": [], "excluded_lines": [], "start_line": 88}, "TestGetOperatorProfile": {"executed_lines": [130, 131, 135, 136, 137, 138, 142, 143, 144, 148, 149, 150], "summary": {"covered_lines": 12, "num_statements": 12, "percent_covered": 100.0, "percent_covered_display": "100", "missing_lines": 0, "excluded_lines": 0, "percent_statements_covered": 100.0, "percent_statements_covered_display": "100"}, "missing_lines": [], "excluded_lines": [], "start_line": 125}, "TestGetContractHealthDf": {"executed_lines": [158, 159, 163, 164, 168, 169], "summary": {"covered_lines": 6, "num_statements": 6, "percent_covered": 100.0, "percent_covered_display": "100", "missing_lines": 0, "excluded_lines": 0, "percent_statements_covered": 100.0, "percent_statements_covered_display": "100"}, "missing_lines": [], "excluded_lines": [], "start_line": 153}, "TestGetRenewalForecastDf": {"executed_lines": [177, 178, 182, 183, 187, 188, 192, 193], "summary": {"covered_lines": 8, "num_statements": 8, "percent_covered": 100.0, "percent_covered_display": "100", "missing_lines": 0, "excluded_lines": 0, "percent_statements_covered": 100.0, "percent_statements_covered_display": "100"}, "missing_lines": [], "excluded_lines": [], "start_line": 172}, "TestGetAtRiskDf": {"executed_lines": [201, 202, 206, 207, 211, 212, 216, 217], "summary": {"covered_lines": 8, "num_statements": 8, "percent_covered": 100.0, "percent_covered_display": "100", "missing_lines": 0, "excluded_lines": 0, "percent_statements_covered": 100.0, "percent_statements_covered_display": "100"}, "missing_lines": [], "excluded_lines": [], "start_line": 196}, "TestGetRenewalHealthSummary": {"executed_lines": [225, 226, 230, 231, 235, 236, 240, 241, 245, 246, 247], "summary": {"covered_lines": 11, "num_statements": 11, "percent_covered": 100.0, "percent_covered_display": "100", "missing_lines": 0, "excluded_lines": 0, "percent_statements_covered": 100.0, "percent_statements_covered_display": "100"}, "missing_lines": [], "excluded_lines": [], "start_line": 220}, "TestGetHighValueCustomersDf": {"executed_lines": [255, 256, 260, 261, 265, 266, 270, 271, 275, 276], "summary": {"covered_lines": 10, "num_statements": 10, "percent_covered": 100.0, "percent_covered_display": "100", "missing_lines": 0, "excluded_lines": 0, "percent_statements_covered": 100.0, "percent_statements_covered_display": "100"}, "missing_lines": [], "excluded_lines": [], "start_line": 250}, "TestGetOperatorHistory": {"executed_lines": [284, 285, 289, 290, 294, 295], "summary": {"covered_lines": 6, "num_statements": 6, "percent_covered": 100.0, "percent_covered_display": "100", "missing_lines": 0, "excluded_lines": 0, "percent_statements_covered": 100.0, "percent_statements_covered_display": "100"}, "missing_lines": [], "excluded_lines": [], "start_line": 279}, "TestGetSupportTickets": {"executed_lines": [303, 304, 308, 309, 310, 314, 315], "summary": {"covered_lines": 7, "num_statements": 7, "percent_covered": 100.0, "percent_covered_display": "100", "missing_lines": 0, "excluded_lines": 0, "percent_statements_covered": 100.0, "percent_statements_covered_display": "100"}, "missing_lines": [], "excluded_lines": [], "start_line": 298}, "TestGetEngagementTimeline": {"executed_lines": [323, 324, 328, 329], "summary": {"covered_lines": 4, "num_statements": 4, "percent_covered": 100.0, "percent_covered_display": "100", "missing_lines": 0, "excluded_lines": 0, "percent_statements_covered": 100.0, "percent_statements_covered_display": "100"}, "missing_lines": [], "excluded_lines": [], "start_line": 318}, "TestGetOperatorMonthlyStats": {"executed_lines": [337, 338, 342, 343], "summary": {"covered_lines": 4, "num_statements": 4, "percent_covered": 100.0, "percent_covered_display": "100", "missing_lines": 0, "excluded_lines": 0, "percent_statements_covered": 100.0, "percent_statements_covered_display": "100"}, "missing_lines": [], "excluded_lines": [], "start_line": 332}, "TestGetContractAmendments": {"executed_lines": [351, 352], "summary": {"covered_lines": 2, "num_statements": 2, "percent_covered": 100.0, "percent_covered_display": "100", "missing_lines": 0, "excluded_lines": 0, "percent_statements_covered": 100.0, "percent_statements_covered_display": "100"}, "missing_lines": [], "excluded_lines": [], "start_line": 346}, "TestGetFinancialProjections": {"executed_lines": [360, 361, 365, 366], "summary": {"covered_lines": 4, "num_statements": 4, "percent_covered": 100.0, "percent_covered_display": "100", "missing_lines": 0, "excluded_lines": 0, "percent_statements_covered": 100.0, "percent_statements_covered_display": "100"}, "missing_lines": [], "excluded_lines": [], "start_line": 355}, "TestGetOperatorComparisonBenchmarks": {"executed_lines": [374, 375], "summary": {"covered_lines": 2, "num_statements": 2, "percent_covered": 100.0, "percent_covered_display": "100", "missing_lines": 0, "excluded_lines": 0, "percent_statements_covered": 100.0, "percent_statements_covered_display": "100"}, "missing_lines": [], "excluded_lines": [], "start_line": 369}, "TestGetSupportTicketTrend": {"executed_lines": [383, 384], "summary": {"covered_lines": 2, "num_statements": 2, "percent_covered": 100.0, "percent_covered_display": "100", "missing_lines": 0, "excluded_lines": 0, "percent_statements_covered": 100.0, "percent_statements_covered_display": "100"}, "missing_lines": [], "excluded_lines": [], "start_line": 378}, "TestGetBusinessMapData": {"executed_lines": [392, 393, 397, 398], "summary": {"covered_lines": 4, "num_statements": 4, "percent_covered": 100.0, "percent_covered_display": "100", "missing_lines": 0, "excluded_lines": 0, "percent_statements_covered": 100.0, "percent_statements_covered_display": "100"}, "missing_lines": [], "excluded_lines": [], "start_line": 387}, "TestGetLeadershipData": {"executed_lines": [406, 407, 411, 412, 413, 414, 415, 419, 420, 421, 425, 426], "summary": {"covered_lines": 12, "num_statements": 12, "percent_covered": 100.0, "percent_covered_display": "100", "missing_lines": 0, "excluded_lines": 0, "percent_statements_covered": 100.0, "percent_statements_covered_display": "100"}, "missing_lines": [], "excluded_lines": [], "start_line": 401}, "TestGetOperatorHealthTrend": {"executed_lines": [434, 435, 439, 440], "summary": {"covered_lines": 4, "num_statements": 4, "percent_covered": 100.0, "percent_covered_display": "100", "missing_lines": 0, "excluded_lines": 0, "percent_statements_covered": 100.0, "percent_statements_covered_display": "100"}, "missing_lines": [], "excluded_lines": [], "start_line": 429}, "": {"executed_lines": [4, 5, 6, 7, 10, 12, 23, 26, 31, 36, 43, 46, 51, 57, 62, 67, 73, 76, 81, 88, 91, 96, 101, 106, 111, 116, 125, 128, 133, 140, 146, 153, 156, 161, 166, 172, 175, 180, 185, 190, 196, 199, 204, 209, 214, 220, 223, 228, 233, 238, 243, 250, 253, 258, 263, 268, 273, 279, 282, 287, 292, 298, 301, 306, 312, 318, 321, 326, 332, 335, 340, 346, 349, 355, 358, 363, 369, 372, 378, 381, 387, 390, 395, 401, 404, 409, 417, 423, 429, 432, 437, 443], "summary": {"covered_lines": 92, "num_statements": 93, "percent_covered": 98.9247311827957, "percent_covered_display": "99", "missing_lines": 1, "excluded_lines": 0, "percent_statements_covered": 98.9247311827957, "percent_statements_covered_display": "99"}, "missing_lines": [444], "excluded_lines": [], "start_line": 1}}}, "utils\\__init__.py": {"executed_lines": [], "summary": {"covered_lines": 0, "num_statements": 0, "percent_covered": 100.0, "percent_covered_display": "100", "missing_lines": 0, "excluded_lines": 0, "percent_statements_covered": 100.0, "percent_statements_covered_display": "100"}, "missing_lines": [], "excluded_lines": [], "functions": {"": {"executed_lines": [], "summary": {"covered_lines": 0, "num_statements": 0, "percent_covered": 100.0, "percent_covered_display": "100", "missing_lines": 0, "excluded_lines": 0, "percent_statements_covered": 100.0, "percent_statements_covered_display": "100"}, "missing_lines": [], "excluded_lines": [], "start_line": 1}}, "classes": {"": {"executed_lines": [], "summary": {"covered_lines": 0, "num_statements": 0, "percent_covered": 100.0, "percent_covered_display": "100", "missing_lines": 0, "excluded_lines": 0, "percent_statements_covered": 100.0, "percent_statements_covered_display": "100"}, "missing_lines": [], "excluded_lines": [], "start_line": 1}}}, "utils\\exceptions.py": {"executed_lines": [4, 6, 9, 11, 14, 16, 19, 21, 24, 26, 29, 31], "summary": {"covered_lines": 12, "num_statements": 12, "percent_covered": 100.0, "percent_covered_display": "100", "missing_lines": 0, "excluded_lines": 0, "percent_statements_covered": 100.0, "percent_statements_covered_display": "100"}, "missing_lines": [], "excluded_lines": [], "functions": {"": {"executed_lines": [4, 6, 9, 11, 14, 16, 19, 21, 24, 26, 29, 31], "summary": {"covered_lines": 12, "num_statements": 12, "percent_covered": 100.0, "percent_covered_display": "100", "missing_lines": 0, "excluded_lines": 0, "percent_statements_covered": 100.0, "percent_statements_covered_display": "100"}, "missing_lines": [], "excluded_lines": [], "start_line": 1}}, "classes": {"DataLoadError": {"executed_lines": [], "summary": {"covered_lines": 0, "num_statements": 0, "percent_covered": 100.0, "percent_covered_display": "100", "missing_lines": 0, "excluded_lines": 0, "percent_statements_covered": 100.0, "percent_statements_covered_display": "100"}, "missing_lines": [], "excluded_lines": [], "start_line": 4}, "DataValidationError": {"executed_lines": [], "summary": {"covered_lines": 0, "num_statements": 0, "percent_covered": 100.0, "percent_covered_display": "100", "missing_lines": 0, "excluded_lines": 0, "percent_statements_covered": 100.0, "percent_statements_covered_display": "100"}, "missing_lines": [], "excluded_lines": [], "start_line": 9}, "ConfigurationError": {"executed_lines": [], "summary": {"covered_lines": 0, "num_statements": 0, "percent_covered": 100.0, "percent_covered_display": "100", "missing_lines": 0, "excluded_lines": 0, "percent_statements_covered": 100.0, "percent_statements_covered_display": "100"}, "missing_lines": [], "excluded_lines": [], "start_line": 14}, "SimulationError": {"executed_lines": [], "summary": {"covered_lines": 0, "num_statements": 0, "percent_covered": 100.0, "percent_covered_display": "100", "missing_lines": 0, "excluded_lines": 0, "percent_statements_covered": 100.0, "percent_statements_covered_display": "100"}, "missing_lines": [], "excluded_lines": [], "start_line": 19}, "ReportGenerationError": {"executed_lines": [], "summary": {"covered_lines": 0, "num_statements": 0, "percent_covered": 100.0, "percent_covered_display": "100", "missing_lines": 0, "excluded_lines": 0, "percent_statements_covered": 100.0, "percent_statements_covered_display": "100"}, "missing_lines": [], "excluded_lines": [], "start_line": 24}, "InvalidInputError": {"executed_lines": [], "summary": {"covered_lines": 0, "num_statements": 0, "percent_covered": 100.0, "percent_covered_display": "100", "missing_lines": 0, "excluded_lines": 0, "percent_statements_covered": 100.0, "percent_statements_covered_display": "100"}, "missing_lines": [], "excluded_lines": [], "start_line": 29}, "": {"executed_lines": [4, 6, 9, 11, 14, 16, 19, 21, 24, 26, 29, 31], "summary": {"covered_lines": 12, "num_statements": 12, "percent_covered": 100.0, "percent_covered_display": "100", "missing_lines": 0, "excluded_lines": 0, "percent_statements_covered": 100.0, "percent_statements_covered_display": "100"}, "missing_lines": [], "excluded_lines": [], "start_line": 1}}}, "utils\\helpers.py": {"executed_lines": [1, 2, 5, 6, 7, 8, 9, 10, 13, 14, 15, 16, 17, 18, 21, 22, 23, 27, 28, 31, 33, 36, 41], "summary": {"covered_lines": 23, "num_statements": 28, "percent_covered": 82.14285714285714, "percent_covered_display": "82", "missing_lines": 5, "excluded_lines": 0, "percent_statements_covered": 82.14285714285714, "percent_statements_covered_display": "82"}, "missing_lines": [24, 38, 43, 44, 45], "excluded_lines": [], "functions": {"format_euro": {"executed_lines": [6, 7, 8, 9, 10], "summary": {"covered_lines": 5, "num_statements": 5, "percent_covered": 100.0, "percent_covered_display": "100", "missing_lines": 0, "excluded_lines": 0, "percent_statements_covered": 100.0, "percent_statements_covered_display": "100"}, "missing_lines": [], "excluded_lines": [], "start_line": 5}, "get_status_color": {"executed_lines": [14, 15, 16, 17, 18], "summary": {"covered_lines": 5, "num_statements": 5, "percent_covered": 100.0, "percent_covered_display": "100", "missing_lines": 0, "excluded_lines": 0, "percent_statements_covered": 100.0, "percent_statements_covered_display": "100"}, "missing_lines": [], "excluded_lines": [], "start_line": 13}, "format_number": {"executed_lines": [22, 23], "summary": {"covered_lines": 2, "num_statements": 3, "percent_covered": 66.66666666666667, "percent_covered_display": "67", "missing_lines": 1, "excluded_lines": 0, "percent_statements_covered": 66.66666666666667, "percent_statements_covered_display": "67"}, "missing_lines": [24], "excluded_lines": [], "start_line": 21}, "format_score": {"executed_lines": [28], "summary": {"covered_lines": 1, "num_statements": 1, "percent_covered": 100.0, "percent_covered_display": "100", "missing_lines": 0, "excluded_lines": 0, "percent_statements_covered": 100.0, "percent_statements_covered_display": "100"}, "missing_lines": [], "excluded_lines": [], "start_line": 27}, "convert_to_csv": {"executed_lines": [33], "summary": {"covered_lines": 1, "num_statements": 1, "percent_covered": 100.0, "percent_covered_display": "100", "missing_lines": 0, "excluded_lines": 0, "percent_statements_covered": 100.0, "percent_statements_covered_display": "100"}, "missing_lines": [], "excluded_lines": [], "start_line": 31}, "show_loading_spinner": {"executed_lines": [], "summary": {"covered_lines": 0, "num_statements": 1, "percent_covered": 0.0, "percent_covered_display": "0", "missing_lines": 1, "excluded_lines": 0, "percent_statements_covered": 0.0, "percent_statements_covered_display": "0"}, "missing_lines": [38], "excluded_lines": [], "start_line": 36}, "format_breakeven": {"executed_lines": [], "summary": {"covered_lines": 0, "num_statements": 3, "percent_covered": 0.0, "percent_covered_display": "0", "missing_lines": 3, "excluded_lines": 0, "percent_statements_covered": 0.0, "percent_statements_covered_display": "0"}, "missing_lines": [43, 44, 45], "excluded_lines": [], "start_line": 41}, "": {"executed_lines": [1, 2, 5, 13, 21, 27, 31, 36, 41], "summary": {"covered_lines": 9, "num_statements": 9, "percent_covered": 100.0, "percent_covered_display": "100", "missing_lines": 0, "excluded_lines": 0, "percent_statements_covered": 100.0, "percent_statements_covered_display": "100"}, "missing_lines": [], "excluded_lines": [], "start_line": 1}}, "classes": {"": {"executed_lines": [1, 2, 5, 6, 7, 8, 9, 10, 13, 14, 15, 16, 17, 18, 21, 22, 23, 27, 28, 31, 33, 36, 41], "summary": {"covered_lines": 23, "num_statements": 28, "percent_covered": 82.14285714285714, "percent_covered_display": "82", "missing_lines": 5, "excluded_lines": 0, "percent_statements_covered": 82.14285714285714, "percent_statements_covered_display": "82"}, "missing_lines": [24, 38, 43, 44, 45], "excluded_lines": [], "start_line": 1}}}, "utils\\logging_config.py": {"executed_lines": [5, 6, 7, 10, 24, 25, 28, 31, 32, 35, 36, 39, 43, 44, 47, 48, 50, 53, 57, 61, 64], "summary": {"covered_lines": 21, "num_statements": 26, "percent_covered": 80.76923076923077, "percent_covered_display": "81", "missing_lines": 5, "excluded_lines": 0, "percent_statements_covered": 80.76923076923077, "percent_statements_covered_display": "81"}, "missing_lines": [66, 67, 68, 69, 70], "excluded_lines": [], "functions": {"setup_logging": {"executed_lines": [24, 25, 28, 31, 32, 35, 36, 39, 43, 44, 47, 48, 50], "summary": {"covered_lines": 13, "num_statements": 13, "percent_covered": 100.0, "percent_covered_display": "100", "missing_lines": 0, "excluded_lines": 0, "percent_statements_covered": 100.0, "percent_statements_covered_display": "100"}, "missing_lines": [], "excluded_lines": [], "start_line": 10}, "get_logger": {"executed_lines": [57], "summary": {"covered_lines": 1, "num_statements": 1, "percent_covered": 100.0, "percent_covered_display": "100", "missing_lines": 0, "excluded_lines": 0, "percent_statements_covered": 100.0, "percent_statements_covered_display": "100"}, "missing_lines": [], "excluded_lines": [], "start_line": 53}, "": {"executed_lines": [5, 6, 7, 10, 53, 61, 64], "summary": {"covered_lines": 7, "num_statements": 12, "percent_covered": 58.333333333333336, "percent_covered_display": "58", "missing_lines": 5, "excluded_lines": 0, "percent_statements_covered": 58.333333333333336, "percent_statements_covered_display": "58"}, "missing_lines": [66, 67, 68, 69, 70], "excluded_lines": [], "start_line": 1}}, "classes": {"": {"executed_lines": [5, 6, 7, 10, 24, 25, 28, 31, 32, 35, 36, 39, 43, 44, 47, 48, 50, 53, 57, 61, 64], "summary": {"covered_lines": 21, "num_statements": 26, "percent_covered": 80.76923076923077, "percent_covered_display": "81", "missing_lines": 5, "excluded_lines": 0, "percent_statements_covered": 80.76923076923077, "percent_statements_covered_display": "81"}, "missing_lines": [66, 67, 68, 69, 70], "excluded_lines": [], "start_line": 1}}}}, "totals": {"covered_lines": 2141, "num_statements": 3982, "percent_covered": 53.766951280763436, "percent_covered_display": "54", "missing_lines": 1841, "excluded_lines": 0, "percent_statements_covered": 53.766951280763436, "percent_statements_covered_display": "54"}}